2018-01-09 09:58:04.9664 | DeeBeeTeeAlphaBot.Program.Main | INFO | Запуск бота 

2018-01-09 09:58:05.0093 | DeeBeeTeeAlphaBot.Program.Main | INFO | Подключение к БД 

2018-01-09 10:00:53.8973 | DeeBeeTeeAlphaBot.Program.Main | INFO | Запуск бота 

2018-01-09 10:00:53.9343 | DeeBeeTeeAlphaBot.Program.Main | INFO | Подключение к БД 

2018-01-09 10:00:55.4412 | DeeBeeTeeAlphaBot.Program.Main | INFO | Запуск пуллинга telegram API 

2018-01-09 10:00:57.3379 | Telegram.Request.TelegramRequest.GetUpdates | DEBUG | New message event 

2018-01-09 10:00:57.3519 | DeeBeeTeeAlphaBot.Program.Tr_MessageText | DEBUG | New message: message_id:294 user_id:450402061 chat_id:450402061 username: name: Villain Mogor date: 1515447165 message:'/start' 

2018-01-09 10:00:57.8371 | DeeBeeTeeAlphaBot.Program.Tr_MessageText | INFO | Получение команды /start 

2018-01-09 10:00:57.8371 | DeeBeeTeeDB.DBAPI.Command_start | DEBUG | Поиск пользователя '' 

2018-01-09 10:00:57.8492 | DeeBeeTeeDB.DBAPI.SearchUser | TRACE | UserSearchSQL: SELECT uid, [user], assign_date, limit, user_id from dbo.[users] where [user] = '' 

2018-01-09 10:01:25.2701 | DeeBeeTeeAlphaBot.Program.Main | INFO | Запуск бота 

2018-01-09 10:01:25.3063 | DeeBeeTeeAlphaBot.Program.Main | INFO | Подключение к БД 

2018-01-09 10:01:25.7542 | DeeBeeTeeAlphaBot.Program.Main | INFO | Запуск пуллинга telegram API 

2018-01-09 10:01:26.1346 | Telegram.Request.TelegramRequest.GetUpdates | DEBUG | New message event 

2018-01-09 10:01:26.1476 | DeeBeeTeeAlphaBot.Program.Tr_MessageText | DEBUG | New message: message_id:294 user_id:450402061 chat_id:450402061 username: name: Villain Mogor date: 1515447165 message:'/start' 

2018-01-09 10:01:26.5649 | DeeBeeTeeAlphaBot.Program.Tr_MessageText | INFO | Получение команды /start 

2018-01-09 10:01:26.5649 | DeeBeeTeeDB.DBAPI.Command_start | DEBUG | Поиск пользователя '' 

2018-01-09 10:01:26.5829 | DeeBeeTeeDB.DBAPI.SearchUser | TRACE | UserSearchSQL: SELECT uid, [user], assign_date, limit, user_id from dbo.[users] where [user] = '' 

2018-01-09 10:01:54.2802 | DeeBeeTeeAlphaBot.Program.Main | INFO | Запуск бота 

2018-01-09 10:01:54.3165 | DeeBeeTeeAlphaBot.Program.Main | INFO | Подключение к БД 

2018-01-09 10:01:54.7788 | DeeBeeTeeAlphaBot.Program.Main | INFO | Запуск пуллинга telegram API 

2018-01-09 10:01:55.1569 | Telegram.Request.TelegramRequest.GetUpdates | DEBUG | New message event 

2018-01-09 10:01:55.1689 | DeeBeeTeeAlphaBot.Program.Tr_MessageText | DEBUG | New message: message_id:294 user_id:450402061 chat_id:450402061 username: name: Villain Mogor date: 1515447165 message:'/start' 

2018-01-09 10:01:55.6154 | DeeBeeTeeAlphaBot.Program.Tr_MessageText | INFO | Получение команды /start 

2018-01-09 10:01:55.6245 | DeeBeeTeeDB.DBAPI.Command_start | DEBUG | Поиск пользователя '' 

2018-01-09 10:01:55.6245 | DeeBeeTeeDB.DBAPI.SearchUser | TRACE | UserSearchSQL: SELECT uid, [user], assign_date, limit, user_id from dbo.[users] where [user] = '' 

2018-01-09 10:09:41.6254 | DeeBeeTeeAlphaBot.Program.Main | INFO | Запуск бота 

2018-01-09 10:09:41.6653 | DeeBeeTeeAlphaBot.Program.Main | INFO | Подключение к БД 

2018-01-09 10:09:42.2852 | DeeBeeTeeAlphaBot.Program.Main | INFO | Запуск пуллинга telegram API 

2018-01-09 11:02:20.5968 | Telegram.Request.TelegramRequest.GetUpdates | DEBUG | New message event 

2018-01-09 11:02:20.6118 | DeeBeeTeeAlphaBot.Program.Tr_MessageText | DEBUG | New message: message_id:296 user_id:2730927 chat_id:-156558308 username:Infom name: Ruslan Kasimov date: 1515484939 message:'/t @Infom 200 @Sergeiaf' 

2018-01-09 11:02:21.2185 | DeeBeeTeeAlphaBot.Program.Tr_MessageText | INFO | Получение команды /t 

2018-01-09 11:02:21.2185 | DeeBeeTeeDB.DBAPI.Command_transaction | DEBUG | Начала парсинга транзакции в строке '@Infom 200 @Sergeiaf' 

2018-01-09 11:02:21.2375 | DeeBeeTeeDB.DBAPI.Command_transaction | DEBUG | Пользователь from 'Infom' 

2018-01-09 11:02:21.2375 | DeeBeeTeeDB.DBAPI.Command_transaction | DEBUG | Сумма '200' 

2018-01-09 11:02:21.2535 | DeeBeeTeeDB.DBAPI.Command_transaction | DEBUG | Пользователь to 'Sergeiaf' 

2018-01-09 11:02:21.2535 | DeeBeeTeeDB.DBAPI.Command_transaction | DEBUG | Поиск пользователя 'Infom' 

2018-01-09 11:02:21.2695 | DeeBeeTeeDB.DBAPI.SearchUser | TRACE | UserSearchSQL: SELECT uid, [user], assign_date, limit, user_id from dbo.[users] where [user] = 'Infom' 

2018-01-09 11:02:21.3521 | DeeBeeTeeDB.DBAPI.Command_transaction | DEBUG | Поиск пользователя 'Sergeiaf' 

2018-01-09 11:02:21.3521 | DeeBeeTeeDB.DBAPI.SearchUser | TRACE | UserSearchSQL: SELECT uid, [user], assign_date, limit, user_id from dbo.[users] where [user] = 'Sergeiaf' 

2018-01-09 11:02:21.4360 | DeeBeeTeeDB.DBAPI.Command_transaction | DEBUG | Выполнение в SQL транзакции from:Infom amount:200 to:Sergeiaf 

2018-01-09 11:02:21.4360 | DeeBeeTeeDB.DBAPI.NewTransaction | TRACE | NewTransactionSQLParam: INSERT INTO [dbo].[transactions] ([from_user] ,[amount] ,[to_user] ,[operation_date] ,[oid]) VALUES ('Infom' ,200 ,'Sergeiaf' ,getdate() ,0) SELECT top 1 tid FROM [dbo].[transactions] order by [operation_date] DESC 

2018-01-09 11:02:21.6017 | DeeBeeTeeDB.DBAPI.Command_balance | DEBUG | Поиск пользователя 'Infom' 

2018-01-09 11:02:21.6127 | DeeBeeTeeDB.DBAPI.SearchUser | TRACE | UserSearchSQL: SELECT uid, [user], assign_date, limit, user_id from dbo.[users] where [user] = 'Infom' 

2018-01-09 11:02:21.6948 | DeeBeeTeeDB.DBAPI.GetUserBalance | TRACE | GetUserBalanceSQL: SELECT ISNULL((select SUM(amount) from dbo.[transactions] WHERE [from_user] = 'Infom'),0) - ISNULL((select SUM(amount) from dbo.[transactions] WHERE [to_user] = 'Infom'), 0) as Bal  

2018-01-09 11:02:21.7804 | DeeBeeTeeDB.DBAPI.Command_balance | INFO | Возврат результата команды balance с сообщением Баланс пользователя @Infom составляет -765,00 

2018-01-09 11:02:21.7804 | DeeBeeTeeDB.DBAPI.Command_balance | DEBUG | Поиск пользователя 'Sergeiaf' 

2018-01-09 11:02:21.7984 | DeeBeeTeeDB.DBAPI.SearchUser | TRACE | UserSearchSQL: SELECT uid, [user], assign_date, limit, user_id from dbo.[users] where [user] = 'Sergeiaf' 

2018-01-09 11:02:21.8814 | DeeBeeTeeDB.DBAPI.GetUserBalance | TRACE | GetUserBalanceSQL: SELECT ISNULL((select SUM(amount) from dbo.[transactions] WHERE [from_user] = 'Sergeiaf'),0) - ISNULL((select SUM(amount) from dbo.[transactions] WHERE [to_user] = 'Sergeiaf'), 0) as Bal  

2018-01-09 11:02:21.9675 | DeeBeeTeeDB.DBAPI.Command_balance | INFO | Возврат результата команды balance с сообщением Баланс пользователя @Sergeiaf составляет 180,00 

2018-01-09 11:02:21.9675 | DeeBeeTeeDB.DBAPI.Command_transaction | INFO | Возврат результата команды transaction с сообщением Транзакция 34 успешно добавлена
Баланс пользователя @Infom составляет -765,00
Баланс пользователя @Sergeiaf составляет 180,00 

2018-01-09 12:03:16.6732 | DeeBeeTeeAlphaBot.Program.Main | INFO | Запуск бота 

2018-01-09 12:03:16.7117 | DeeBeeTeeAlphaBot.Program.Main | INFO | Подключение к БД 

2018-01-09 12:03:17.2023 | DeeBeeTeeAlphaBot.Program.Main | INFO | Запуск пуллинга telegram API 

2018-01-09 12:03:48.5943 | Telegram.Request.TelegramRequest.GetUpdates | TRACE | HTTP request number 30 

2018-01-09 12:04:20.7375 | Telegram.Request.TelegramRequest.GetUpdates | TRACE | HTTP request number 60 

2018-01-09 12:04:52.8891 | Telegram.Request.TelegramRequest.GetUpdates | TRACE | HTTP request number 90 

2018-01-09 12:05:25.2054 | Telegram.Request.TelegramRequest.GetUpdates | TRACE | HTTP request number 120 

2018-01-09 12:05:56.9943 | DeeBeeTeeAlphaBot.Program.Main | INFO | Запуск бота 

2018-01-09 12:05:57.0359 | DeeBeeTeeAlphaBot.Program.Main | INFO | Подключение к БД 

2018-01-09 12:05:57.5058 | DeeBeeTeeAlphaBot.Program.Main | INFO | Запуск пуллинга telegram API 

2018-01-09 12:07:01.0613 | Telegram.Request.TelegramRequest.GetUpdates | TRACE | HTTP request number 60 

2018-01-09 12:08:08.5990 | Telegram.Request.TelegramRequest.GetUpdates | TRACE | HTTP request number 120 

2018-01-09 12:09:12.9046 | Telegram.Request.TelegramRequest.GetUpdates | TRACE | HTTP request number 180 

2018-01-09 12:10:19.4210 | Telegram.Request.TelegramRequest.GetUpdates | TRACE | HTTP request number 240 

2018-01-09 12:11:26.9965 | Telegram.Request.TelegramRequest.GetUpdates | TRACE | HTTP request number 300 

2018-01-09 12:12:34.0513 | Telegram.Request.TelegramRequest.GetUpdates | TRACE | HTTP request number 360 

2018-01-09 12:13:42.6451 | Telegram.Request.TelegramRequest.GetUpdates | TRACE | HTTP request number 420 

2018-01-09 12:14:48.1150 | Telegram.Request.TelegramRequest.GetUpdates | TRACE | HTTP request number 480 

2018-01-09 12:15:52.7466 | Telegram.Request.TelegramRequest.GetUpdates | TRACE | HTTP request number 540 

2018-01-09 12:16:57.9204 | Telegram.Request.TelegramRequest.GetUpdates | TRACE | HTTP request number 600 

2018-01-09 12:18:04.7322 | Telegram.Request.TelegramRequest.GetUpdates | TRACE | HTTP request number 660 

2018-01-09 12:19:09.3946 | Telegram.Request.TelegramRequest.GetUpdates | TRACE | HTTP request number 720 

2018-01-09 12:20:14.5689 | Telegram.Request.TelegramRequest.GetUpdates | TRACE | HTTP request number 780 

2018-01-09 12:21:19.6069 | Telegram.Request.TelegramRequest.GetUpdates | TRACE | HTTP request number 840 

2018-01-09 12:22:25.8474 | Telegram.Request.TelegramRequest.GetUpdates | TRACE | HTTP request number 900 

2018-01-09 12:23:33.5288 | Telegram.Request.TelegramRequest.GetUpdates | TRACE | HTTP request number 960 

2018-01-09 12:24:38.0496 | Telegram.Request.TelegramRequest.GetUpdates | TRACE | HTTP request number 1020 

2018-01-09 12:25:42.5508 | Telegram.Request.TelegramRequest.GetUpdates | TRACE | HTTP request number 1080 

2018-01-09 12:26:49.0959 | Telegram.Request.TelegramRequest.GetUpdates | TRACE | HTTP request number 1140 

2018-01-09 12:27:53.4110 | Telegram.Request.TelegramRequest.GetUpdates | TRACE | HTTP request number 1200 

2018-01-09 12:28:57.8300 | Telegram.Request.TelegramRequest.GetUpdates | TRACE | HTTP request number 1260 

2018-01-09 12:30:03.3778 | Telegram.Request.TelegramRequest.GetUpdates | TRACE | HTTP request number 1320 

2018-01-09 12:31:08.4732 | Telegram.Request.TelegramRequest.GetUpdates | TRACE | HTTP request number 1380 

2018-01-09 12:32:16.8800 | Telegram.Request.TelegramRequest.GetUpdates | TRACE | HTTP request number 1440 

2018-01-09 12:33:27.5190 | Telegram.Request.TelegramRequest.GetUpdates | TRACE | HTTP request number 1500 

2018-01-09 12:34:36.7902 | Telegram.Request.TelegramRequest.GetUpdates | TRACE | HTTP request number 1560 

2018-01-09 12:35:45.2449 | Telegram.Request.TelegramRequest.GetUpdates | TRACE | HTTP request number 1620 

2018-01-09 12:36:52.6813 | Telegram.Request.TelegramRequest.GetUpdates | TRACE | HTTP request number 1680 

2018-01-09 12:38:00.3849 | Telegram.Request.TelegramRequest.GetUpdates | TRACE | HTTP request number 1740 

2018-01-09 12:39:08.8314 | Telegram.Request.TelegramRequest.GetUpdates | TRACE | HTTP request number 1800 

2018-01-09 12:40:13.4513 | Telegram.Request.TelegramRequest.GetUpdates | TRACE | HTTP request number 1860 

2018-01-09 12:41:19.4721 | Telegram.Request.TelegramRequest.GetUpdates | TRACE | HTTP request number 1920 

2018-01-09 12:42:26.8471 | Telegram.Request.TelegramRequest.GetUpdates | TRACE | HTTP request number 1980 

2018-01-09 12:43:47.8804 | Telegram.Request.TelegramRequest.GetUpdates | TRACE | HTTP request number 2040 

2018-01-09 14:16:38.1814 | DeeBeeTeeAlphaBot.Program.Main | INFO | Запуск бота 

2018-01-09 14:16:38.2216 | DeeBeeTeeAlphaBot.Program.Main | INFO | Подключение к БД 

2018-01-09 14:16:38.8411 | DeeBeeTeeAlphaBot.Program.Main | INFO | Запуск пуллинга telegram API 

2018-01-09 14:16:39.2453 | Telegram.Request.TelegramRequest.GetUpdates | DEBUG | New message event 

2018-01-09 14:16:39.2593 | DeeBeeTeeAlphaBot.Program.Tr_MessageText | DEBUG | New message: message_id:298 user_id:288805897 chat_id:-156558308 username:TretyakRoman name: Третьяк Роман date: 1515496567 message:'/t @TretyakRoman 300 @Infom' 

2018-01-09 14:16:39.6811 | DeeBeeTeeAlphaBot.Program.Tr_MessageText | INFO | Получение команды /t 

2018-01-09 14:16:39.6811 | DeeBeeTeeDB.DBAPI.Command_transaction | DEBUG | Начала парсинга транзакции в строке '@TretyakRoman 300 @Infom' 

2018-01-09 14:16:39.7011 | DeeBeeTeeDB.DBAPI.Command_transaction | DEBUG | Пользователь from 'TretyakRoman' 

2018-01-09 14:16:39.7011 | DeeBeeTeeDB.DBAPI.Command_transaction | DEBUG | Сумма '300' 

2018-01-09 14:16:39.7181 | DeeBeeTeeDB.DBAPI.Command_transaction | DEBUG | Пользователь to 'Infom' 

2018-01-09 14:16:39.7274 | DeeBeeTeeDB.DBAPI.Command_transaction | DEBUG | Поиск пользователя 'TretyakRoman' 

2018-01-09 14:16:39.7274 | DeeBeeTeeDB.DBAPI.SearchUser | TRACE | UserSearchSQL: SELECT uid, [user], assign_date, limit, user_id from dbo.[users] where [user] = 'TretyakRoman' 

2018-01-09 14:16:39.8210 | DeeBeeTeeDB.DBAPI.Command_transaction | DEBUG | Поиск пользователя 'Infom' 

2018-01-09 14:16:39.8210 | DeeBeeTeeDB.DBAPI.SearchUser | TRACE | UserSearchSQL: SELECT uid, [user], assign_date, limit, user_id from dbo.[users] where [user] = 'Infom' 

2018-01-09 14:16:39.9042 | DeeBeeTeeDB.DBAPI.Command_transaction | DEBUG | Выполнение в SQL транзакции from:TretyakRoman amount:300 to:Infom 

2018-01-09 14:16:39.9042 | DeeBeeTeeDB.DBAPI.NewTransaction | TRACE | NewTransactionSQLParam: INSERT INTO [dbo].[transactions] ([from_user] ,[amount] ,[to_user] ,[operation_date] ,[oid]) VALUES ('TretyakRoman' ,300 ,'Infom' ,getdate() ,0) SELECT top 1 tid FROM [dbo].[transactions] order by [operation_date] DESC 

2018-01-09 14:16:40.0012 | DeeBeeTeeDB.DBAPI.Command_balance | DEBUG | Поиск пользователя 'TretyakRoman' 

2018-01-09 14:16:40.0112 | DeeBeeTeeDB.DBAPI.SearchUser | TRACE | UserSearchSQL: SELECT uid, [user], assign_date, limit, user_id from dbo.[users] where [user] = 'TretyakRoman' 

2018-01-09 14:16:40.0934 | DeeBeeTeeDB.DBAPI.GetUserBalance | TRACE | GetUserBalanceSQL: SELECT ISNULL((select SUM(amount) from dbo.[transactions] WHERE [from_user] = 'TretyakRoman'),0) - ISNULL((select SUM(amount) from dbo.[transactions] WHERE [to_user] = 'TretyakRoman'), 0) as Bal  

2018-01-09 14:16:40.1797 | DeeBeeTeeDB.DBAPI.Command_balance | INFO | Возврат результата команды balance с сообщением Баланс пользователя @TretyakRoman составляет 885,00 

2018-01-09 14:16:40.1797 | DeeBeeTeeDB.DBAPI.Command_balance | DEBUG | Поиск пользователя 'Infom' 

2018-01-09 14:16:40.1972 | DeeBeeTeeDB.DBAPI.SearchUser | TRACE | UserSearchSQL: SELECT uid, [user], assign_date, limit, user_id from dbo.[users] where [user] = 'Infom' 

2018-01-09 14:16:40.2794 | DeeBeeTeeDB.DBAPI.GetUserBalance | TRACE | GetUserBalanceSQL: SELECT ISNULL((select SUM(amount) from dbo.[transactions] WHERE [from_user] = 'Infom'),0) - ISNULL((select SUM(amount) from dbo.[transactions] WHERE [to_user] = 'Infom'), 0) as Bal  

2018-01-09 14:16:40.3620 | DeeBeeTeeDB.DBAPI.Command_balance | INFO | Возврат результата команды balance с сообщением Баланс пользователя @Infom составляет -1065,00 

2018-01-09 14:16:40.3741 | DeeBeeTeeDB.DBAPI.Command_transaction | INFO | Возврат результата команды transaction с сообщением Транзакция 35 успешно добавлена
Баланс пользователя @TretyakRoman составляет 885,00
Баланс пользователя @Infom составляет -1065,00 

2018-01-09 14:16:40.5620 | Telegram.Request.TelegramRequest.GetUpdates | DEBUG | New message event 

2018-01-09 14:16:40.5700 | DeeBeeTeeAlphaBot.Program.Tr_MessageText | DEBUG | New message: message_id:299 user_id:288805897 chat_id:-156558308 username:TretyakRoman name: Третьяк Роман date: 1515496592 message:'/t @TretyakRoman 300 @Infom' 

2018-01-09 14:16:40.5700 | DeeBeeTeeAlphaBot.Program.Tr_MessageText | INFO | Получение команды /t 

2018-01-09 14:16:40.5883 | DeeBeeTeeDB.DBAPI.Command_transaction | DEBUG | Начала парсинга транзакции в строке '@TretyakRoman 300 @Infom' 

2018-01-09 14:16:40.5883 | DeeBeeTeeDB.DBAPI.Command_transaction | DEBUG | Пользователь from 'TretyakRoman' 

2018-01-09 14:16:40.5883 | DeeBeeTeeDB.DBAPI.Command_transaction | DEBUG | Сумма '300' 

2018-01-09 14:16:40.6048 | DeeBeeTeeDB.DBAPI.Command_transaction | DEBUG | Пользователь to 'Infom' 

2018-01-09 14:16:40.6048 | DeeBeeTeeDB.DBAPI.Command_transaction | DEBUG | Поиск пользователя 'TretyakRoman' 

2018-01-09 14:16:40.6048 | DeeBeeTeeDB.DBAPI.SearchUser | TRACE | UserSearchSQL: SELECT uid, [user], assign_date, limit, user_id from dbo.[users] where [user] = 'TretyakRoman' 

2018-01-09 14:16:40.6942 | DeeBeeTeeDB.DBAPI.Command_transaction | DEBUG | Поиск пользователя 'Infom' 

2018-01-09 14:16:40.6942 | DeeBeeTeeDB.DBAPI.SearchUser | TRACE | UserSearchSQL: SELECT uid, [user], assign_date, limit, user_id from dbo.[users] where [user] = 'Infom' 

2018-01-09 14:16:40.7773 | DeeBeeTeeDB.DBAPI.Command_transaction | DEBUG | Выполнение в SQL транзакции from:TretyakRoman amount:300 to:Infom 

2018-01-09 14:16:40.7773 | DeeBeeTeeDB.DBAPI.NewTransaction | TRACE | NewTransactionSQLParam: INSERT INTO [dbo].[transactions] ([from_user] ,[amount] ,[to_user] ,[operation_date] ,[oid]) VALUES ('TretyakRoman' ,300 ,'Infom' ,getdate() ,0) SELECT top 1 tid FROM [dbo].[transactions] order by [operation_date] DESC 

2018-01-09 14:16:40.9242 | DeeBeeTeeDB.DBAPI.Command_balance | DEBUG | Поиск пользователя 'TretyakRoman' 

2018-01-09 14:16:40.9332 | DeeBeeTeeDB.DBAPI.SearchUser | TRACE | UserSearchSQL: SELECT uid, [user], assign_date, limit, user_id from dbo.[users] where [user] = 'TretyakRoman' 

2018-01-09 14:16:41.0152 | DeeBeeTeeDB.DBAPI.GetUserBalance | TRACE | GetUserBalanceSQL: SELECT ISNULL((select SUM(amount) from dbo.[transactions] WHERE [from_user] = 'TretyakRoman'),0) - ISNULL((select SUM(amount) from dbo.[transactions] WHERE [to_user] = 'TretyakRoman'), 0) as Bal  

2018-01-09 14:16:41.1016 | DeeBeeTeeDB.DBAPI.Command_balance | INFO | Возврат результата команды balance с сообщением Баланс пользователя @TretyakRoman составляет 1185,00 

2018-01-09 14:16:41.1016 | DeeBeeTeeDB.DBAPI.Command_balance | DEBUG | Поиск пользователя 'Infom' 

2018-01-09 14:16:41.1186 | DeeBeeTeeDB.DBAPI.SearchUser | TRACE | UserSearchSQL: SELECT uid, [user], assign_date, limit, user_id from dbo.[users] where [user] = 'Infom' 

2018-01-09 14:16:41.2015 | DeeBeeTeeDB.DBAPI.GetUserBalance | TRACE | GetUserBalanceSQL: SELECT ISNULL((select SUM(amount) from dbo.[transactions] WHERE [from_user] = 'Infom'),0) - ISNULL((select SUM(amount) from dbo.[transactions] WHERE [to_user] = 'Infom'), 0) as Bal  

2018-01-09 14:16:41.2806 | DeeBeeTeeDB.DBAPI.Command_balance | INFO | Возврат результата команды balance с сообщением Баланс пользователя @Infom составляет -1365,00 

2018-01-09 14:16:41.2806 | DeeBeeTeeDB.DBAPI.Command_transaction | INFO | Возврат результата команды transaction с сообщением Транзакция 36 успешно добавлена
Баланс пользователя @TretyakRoman составляет 1185,00
Баланс пользователя @Infom составляет -1365,00 

2018-01-09 14:16:45.8069 | Telegram.Request.TelegramRequest.GetUpdates | DEBUG | New message event 

2018-01-09 14:16:45.8069 | DeeBeeTeeAlphaBot.Program.Tr_MessageText | DEBUG | New message: message_id:302 user_id:288805897 chat_id:-156558308 username:TretyakRoman name: Третьяк Роман date: 1515496605 message:'/t @TretyakRoman 300 @Sergeiaf' 

2018-01-09 14:16:45.8069 | DeeBeeTeeAlphaBot.Program.Tr_MessageText | INFO | Получение команды /t 

2018-01-09 14:16:45.8219 | DeeBeeTeeDB.DBAPI.Command_transaction | DEBUG | Начала парсинга транзакции в строке '@TretyakRoman 300 @Sergeiaf' 

2018-01-09 14:16:45.8219 | DeeBeeTeeDB.DBAPI.Command_transaction | DEBUG | Пользователь from 'TretyakRoman' 

2018-01-09 14:16:45.8219 | DeeBeeTeeDB.DBAPI.Command_transaction | DEBUG | Сумма '300' 

2018-01-09 14:16:45.8379 | DeeBeeTeeDB.DBAPI.Command_transaction | DEBUG | Пользователь to 'Sergeiaf' 

2018-01-09 14:16:45.8379 | DeeBeeTeeDB.DBAPI.Command_transaction | DEBUG | Поиск пользователя 'TretyakRoman' 

2018-01-09 14:16:45.8379 | DeeBeeTeeDB.DBAPI.SearchUser | TRACE | UserSearchSQL: SELECT uid, [user], assign_date, limit, user_id from dbo.[users] where [user] = 'TretyakRoman' 

2018-01-09 14:16:45.9399 | DeeBeeTeeDB.DBAPI.Command_transaction | DEBUG | Поиск пользователя 'Sergeiaf' 

2018-01-09 14:16:45.9449 | DeeBeeTeeDB.DBAPI.SearchUser | TRACE | UserSearchSQL: SELECT uid, [user], assign_date, limit, user_id from dbo.[users] where [user] = 'Sergeiaf' 

2018-01-09 14:16:46.0229 | DeeBeeTeeDB.DBAPI.Command_transaction | DEBUG | Выполнение в SQL транзакции from:TretyakRoman amount:300 to:Sergeiaf 

2018-01-09 14:16:46.0229 | DeeBeeTeeDB.DBAPI.NewTransaction | TRACE | NewTransactionSQLParam: INSERT INTO [dbo].[transactions] ([from_user] ,[amount] ,[to_user] ,[operation_date] ,[oid]) VALUES ('TretyakRoman' ,300 ,'Sergeiaf' ,getdate() ,0) SELECT top 1 tid FROM [dbo].[transactions] order by [operation_date] DESC 

2018-01-09 14:16:46.1361 | DeeBeeTeeDB.DBAPI.Command_balance | DEBUG | Поиск пользователя 'TretyakRoman' 

2018-01-09 14:16:46.1361 | DeeBeeTeeDB.DBAPI.SearchUser | TRACE | UserSearchSQL: SELECT uid, [user], assign_date, limit, user_id from dbo.[users] where [user] = 'TretyakRoman' 

2018-01-09 14:16:46.2233 | DeeBeeTeeDB.DBAPI.GetUserBalance | TRACE | GetUserBalanceSQL: SELECT ISNULL((select SUM(amount) from dbo.[transactions] WHERE [from_user] = 'TretyakRoman'),0) - ISNULL((select SUM(amount) from dbo.[transactions] WHERE [to_user] = 'TretyakRoman'), 0) as Bal  

2018-01-09 14:16:46.3096 | DeeBeeTeeDB.DBAPI.Command_balance | INFO | Возврат результата команды balance с сообщением Баланс пользователя @TretyakRoman составляет 1485,00 

2018-01-09 14:16:46.3096 | DeeBeeTeeDB.DBAPI.Command_balance | DEBUG | Поиск пользователя 'Sergeiaf' 

2018-01-09 14:16:46.3096 | DeeBeeTeeDB.DBAPI.SearchUser | TRACE | UserSearchSQL: SELECT uid, [user], assign_date, limit, user_id from dbo.[users] where [user] = 'Sergeiaf' 

2018-01-09 14:16:46.3992 | DeeBeeTeeDB.DBAPI.GetUserBalance | TRACE | GetUserBalanceSQL: SELECT ISNULL((select SUM(amount) from dbo.[transactions] WHERE [from_user] = 'Sergeiaf'),0) - ISNULL((select SUM(amount) from dbo.[transactions] WHERE [to_user] = 'Sergeiaf'), 0) as Bal  

2018-01-09 14:16:46.4774 | DeeBeeTeeDB.DBAPI.Command_balance | INFO | Возврат результата команды balance с сообщением Баланс пользователя @Sergeiaf составляет -120,00 

2018-01-09 14:16:46.4774 | DeeBeeTeeDB.DBAPI.Command_transaction | INFO | Возврат результата команды transaction с сообщением Транзакция 37 успешно добавлена
Баланс пользователя @TretyakRoman составляет 1485,00
Баланс пользователя @Sergeiaf составляет -120,00 

2018-01-09 14:17:15.2383 | Telegram.Request.TelegramRequest.GetUpdates | DEBUG | New message event 

2018-01-09 14:17:15.2433 | DeeBeeTeeAlphaBot.Program.Tr_MessageText | DEBUG | New message: message_id:304 user_id:2730927 chat_id:-156558308 username:Infom name: Ruslan Kasimov date: 1515496634 message:'/d' 

2018-01-09 14:17:15.2433 | DeeBeeTeeAlphaBot.Program.Tr_MessageText | INFO | Получение команды /d 

2018-01-09 14:17:15.2433 | DeeBeeTeeDB.DBAPI.Command_details | DEBUG | Поиск пользователя 'Infom' 

2018-01-09 14:17:15.2593 | DeeBeeTeeDB.DBAPI.SearchUser | TRACE | UserSearchSQL: SELECT uid, [user], assign_date, limit, user_id from dbo.[users] where [user] = 'Infom' 

2018-01-09 14:17:15.3371 | DeeBeeTeeDB.DBAPI.GetUserBalance | TRACE | GetUserBalanceSQL: SELECT ISNULL((select SUM(amount) from dbo.[transactions] WHERE [from_user] = 'Infom'),0) - ISNULL((select SUM(amount) from dbo.[transactions] WHERE [to_user] = 'Infom'), 0) as Bal  

2018-01-09 14:17:15.4224 | DeeBeeTeeDB.DBAPI.GetUserDetails | TRACE | GetUserDetailsSQL: SELECT to_user, SUM(amount) as amount FROM (SELECT [tid], [from_user], [amount], [to_user] FROM [dbo].[transactions] union SELECT [tid], [to_user], [amount]*(-1), [from_user] FROM [dbo].[transactions] ) AS T WHERE from_user = 'Infom' GROUP BY to_user 

2018-01-09 14:17:15.5122 | DeeBeeTeeDB.DBAPI.GetUserDetails | TRACE | Generate dbt from: Infom to: Sergeiaf amount: -225,00  

2018-01-09 14:17:15.5122 | DeeBeeTeeDB.DBAPI.GetUserDetails | TRACE | Generate dbt from: Infom to: TretyakRoman amount: -1140,00  

2018-01-09 14:17:15.5308 | DeeBeeTeeDB.DBAPI.Command_details | INFO | Возврат результата команды details с сообщениемДетали пользователя @Infom. Баланс: -1365,00
 @Infom должен 225,00 @Sergeiaf
 @Infom должен 1140,00 @TretyakRoman
 

2018-01-09 14:17:30.8067 | Telegram.Request.TelegramRequest.GetUpdates | DEBUG | New message event 

2018-01-09 14:17:30.8067 | DeeBeeTeeAlphaBot.Program.Tr_MessageText | DEBUG | New message: message_id:306 user_id:288805897 chat_id:-156558308 username:TretyakRoman name: Третьяк Роман date: 1515496650 message:'/d' 

2018-01-09 14:17:30.8067 | DeeBeeTeeAlphaBot.Program.Tr_MessageText | INFO | Получение команды /d 

2018-01-09 14:17:30.8277 | DeeBeeTeeDB.DBAPI.Command_details | DEBUG | Поиск пользователя 'TretyakRoman' 

2018-01-09 14:17:30.8277 | DeeBeeTeeDB.DBAPI.SearchUser | TRACE | UserSearchSQL: SELECT uid, [user], assign_date, limit, user_id from dbo.[users] where [user] = 'TretyakRoman' 

2018-01-09 14:17:30.9114 | DeeBeeTeeDB.DBAPI.GetUserBalance | TRACE | GetUserBalanceSQL: SELECT ISNULL((select SUM(amount) from dbo.[transactions] WHERE [from_user] = 'TretyakRoman'),0) - ISNULL((select SUM(amount) from dbo.[transactions] WHERE [to_user] = 'TretyakRoman'), 0) as Bal  

2018-01-09 14:17:30.9892 | DeeBeeTeeDB.DBAPI.GetUserDetails | TRACE | GetUserDetailsSQL: SELECT to_user, SUM(amount) as amount FROM (SELECT [tid], [from_user], [amount], [to_user] FROM [dbo].[transactions] union SELECT [tid], [to_user], [amount]*(-1), [from_user] FROM [dbo].[transactions] ) AS T WHERE from_user = 'TretyakRoman' GROUP BY to_user 

2018-01-09 14:17:31.1596 | DeeBeeTeeDB.DBAPI.GetUserDetails | TRACE | Generate dbt from: TretyakRoman to: Infom amount: 1140,00  

2018-01-09 14:17:31.1686 | DeeBeeTeeDB.DBAPI.GetUserDetails | TRACE | Generate dbt from: TretyakRoman to: Sergeiaf amount: 345,00  

2018-01-09 14:17:31.1686 | DeeBeeTeeDB.DBAPI.Command_details | INFO | Возврат результата команды details с сообщениемДетали пользователя @TretyakRoman. Баланс: 1485,00
 @Infom должен 1140,00 @TretyakRoman
 @Sergeiaf должен 345,00 @TretyakRoman
 

2018-01-09 14:17:46.3894 | Telegram.Request.TelegramRequest.GetUpdates | TRACE | HTTP request number 60 

2018-01-09 14:18:53.1942 | Telegram.Request.TelegramRequest.GetUpdates | TRACE | HTTP request number 120 

2018-01-09 14:19:59.4501 | Telegram.Request.TelegramRequest.GetUpdates | TRACE | HTTP request number 180 

2018-01-09 14:21:04.0010 | Telegram.Request.TelegramRequest.GetUpdates | TRACE | HTTP request number 240 

2018-01-09 14:22:08.6681 | Telegram.Request.TelegramRequest.GetUpdates | TRACE | HTTP request number 300 

2018-01-09 14:23:12.9818 | Telegram.Request.TelegramRequest.GetUpdates | TRACE | HTTP request number 360 

2018-01-09 14:23:23.7675 | Telegram.Request.TelegramRequest.GetUpdates | DEBUG | New message event 

2018-01-09 14:23:23.7675 | DeeBeeTeeAlphaBot.Program.Tr_MessageText | DEBUG | New message: message_id:308 user_id:459569 chat_id:-156558308 username:Sergeiaf name: Сергей Федоров date: 1515497003 message:'/d' 

2018-01-09 14:23:23.7675 | DeeBeeTeeAlphaBot.Program.Tr_MessageText | INFO | Получение команды /d 

2018-01-09 14:23:23.7875 | DeeBeeTeeDB.DBAPI.Command_details | DEBUG | Поиск пользователя 'Sergeiaf' 

2018-01-09 14:23:23.7875 | DeeBeeTeeDB.DBAPI.SearchUser | TRACE | UserSearchSQL: SELECT uid, [user], assign_date, limit, user_id from dbo.[users] where [user] = 'Sergeiaf' 

2018-01-09 14:23:23.8735 | DeeBeeTeeDB.DBAPI.GetUserBalance | TRACE | GetUserBalanceSQL: SELECT ISNULL((select SUM(amount) from dbo.[transactions] WHERE [from_user] = 'Sergeiaf'),0) - ISNULL((select SUM(amount) from dbo.[transactions] WHERE [to_user] = 'Sergeiaf'), 0) as Bal  

2018-01-09 14:23:23.9514 | DeeBeeTeeDB.DBAPI.GetUserDetails | TRACE | GetUserDetailsSQL: SELECT to_user, SUM(amount) as amount FROM (SELECT [tid], [from_user], [amount], [to_user] FROM [dbo].[transactions] union SELECT [tid], [to_user], [amount]*(-1), [from_user] FROM [dbo].[transactions] ) AS T WHERE from_user = 'Sergeiaf' GROUP BY to_user 

2018-01-09 14:23:24.0364 | DeeBeeTeeDB.DBAPI.GetUserDetails | TRACE | Generate dbt from: Sergeiaf to: Infom amount: 225,00  

2018-01-09 14:23:24.0364 | DeeBeeTeeDB.DBAPI.GetUserDetails | TRACE | Generate dbt from: Sergeiaf to: TretyakRoman amount: -345,00  

2018-01-09 14:23:24.0534 | DeeBeeTeeDB.DBAPI.Command_details | INFO | Возврат результата команды details с сообщениемДетали пользователя @Sergeiaf. Баланс: -120,00
 @Infom должен 225,00 @Sergeiaf
 @Sergeiaf должен 345,00 @TretyakRoman
 

2018-01-09 14:24:17.6361 | Telegram.Request.TelegramRequest.GetUpdates | TRACE | HTTP request number 420 

2018-01-09 14:25:24.6926 | Telegram.Request.TelegramRequest.GetUpdates | TRACE | HTTP request number 480 

2018-01-09 14:26:30.6779 | Telegram.Request.TelegramRequest.GetUpdates | TRACE | HTTP request number 540 

2018-01-09 14:27:36.6948 | Telegram.Request.TelegramRequest.GetUpdates | TRACE | HTTP request number 600 

2018-01-09 14:28:42.3700 | Telegram.Request.TelegramRequest.GetUpdates | TRACE | HTTP request number 660 

2018-01-09 14:29:50.3646 | Telegram.Request.TelegramRequest.GetUpdates | TRACE | HTTP request number 720 

2018-01-09 14:31:01.4602 | Telegram.Request.TelegramRequest.GetUpdates | TRACE | HTTP request number 780 

2018-01-09 14:32:06.7159 | Telegram.Request.TelegramRequest.GetUpdates | TRACE | HTTP request number 840 

2018-01-09 14:33:11.4520 | Telegram.Request.TelegramRequest.GetUpdates | TRACE | HTTP request number 900 

2018-01-09 14:34:16.8950 | Telegram.Request.TelegramRequest.GetUpdates | TRACE | HTTP request number 960 

2018-01-09 14:35:25.0940 | Telegram.Request.TelegramRequest.GetUpdates | TRACE | HTTP request number 1020 

2018-01-09 14:36:29.4742 | Telegram.Request.TelegramRequest.GetUpdates | TRACE | HTTP request number 1080 

2018-01-09 14:37:33.9286 | Telegram.Request.TelegramRequest.GetUpdates | TRACE | HTTP request number 1140 

2018-01-09 14:38:39.6075 | Telegram.Request.TelegramRequest.GetUpdates | TRACE | HTTP request number 1200 

2018-01-09 14:39:44.8261 | Telegram.Request.TelegramRequest.GetUpdates | TRACE | HTTP request number 1260 

2018-01-09 14:40:49.6228 | Telegram.Request.TelegramRequest.GetUpdates | TRACE | HTTP request number 1320 

2018-01-09 14:42:00.3413 | Telegram.Request.TelegramRequest.GetUpdates | TRACE | HTTP request number 1380 

2018-01-09 14:43:04.8868 | Telegram.Request.TelegramRequest.GetUpdates | TRACE | HTTP request number 1440 

2018-01-09 14:44:09.3253 | Telegram.Request.TelegramRequest.GetUpdates | TRACE | HTTP request number 1500 

2018-01-09 14:45:13.6702 | Telegram.Request.TelegramRequest.GetUpdates | TRACE | HTTP request number 1560 

2018-01-09 14:46:18.7195 | Telegram.Request.TelegramRequest.GetUpdates | TRACE | HTTP request number 1620 

2018-01-09 14:47:24.0426 | Telegram.Request.TelegramRequest.GetUpdates | TRACE | HTTP request number 1680 

2018-01-09 14:48:29.1402 | Telegram.Request.TelegramRequest.GetUpdates | TRACE | HTTP request number 1740 

2018-01-09 14:49:34.0338 | Telegram.Request.TelegramRequest.GetUpdates | TRACE | HTTP request number 1800 

2018-01-09 14:50:38.5971 | Telegram.Request.TelegramRequest.GetUpdates | TRACE | HTTP request number 1860 

2018-01-09 14:51:43.7208 | Telegram.Request.TelegramRequest.GetUpdates | TRACE | HTTP request number 1920 

2018-01-09 14:52:49.2898 | Telegram.Request.TelegramRequest.GetUpdates | TRACE | HTTP request number 1980 

2018-01-09 14:53:53.9037 | Telegram.Request.TelegramRequest.GetUpdates | TRACE | HTTP request number 2040 

2018-01-09 14:55:00.2317 | Telegram.Request.TelegramRequest.GetUpdates | TRACE | HTTP request number 2100 

2018-01-09 14:56:04.6361 | Telegram.Request.TelegramRequest.GetUpdates | TRACE | HTTP request number 2160 

2018-01-09 14:57:11.1944 | Telegram.Request.TelegramRequest.GetUpdates | TRACE | HTTP request number 2220 

2018-01-09 14:58:19.0760 | Telegram.Request.TelegramRequest.GetUpdates | TRACE | HTTP request number 2280 

2018-01-09 14:59:26.0986 | Telegram.Request.TelegramRequest.GetUpdates | TRACE | HTTP request number 2340 

2018-01-09 15:00:36.2387 | Telegram.Request.TelegramRequest.GetUpdates | TRACE | HTTP request number 2400 

2018-01-09 15:01:44.4971 | Telegram.Request.TelegramRequest.GetUpdates | TRACE | HTTP request number 2460 

2018-01-09 15:02:50.9054 | Telegram.Request.TelegramRequest.GetUpdates | TRACE | HTTP request number 2520 

2018-01-09 15:03:57.7814 | Telegram.Request.TelegramRequest.GetUpdates | TRACE | HTTP request number 2580 

2018-01-09 15:05:02.7163 | Telegram.Request.TelegramRequest.GetUpdates | TRACE | HTTP request number 2640 

2018-01-09 15:06:09.1062 | Telegram.Request.TelegramRequest.GetUpdates | TRACE | HTTP request number 2700 

2018-01-09 15:07:15.8523 | Telegram.Request.TelegramRequest.GetUpdates | TRACE | HTTP request number 2760 

2018-01-09 15:08:20.3217 | Telegram.Request.TelegramRequest.GetUpdates | TRACE | HTTP request number 2820 

2018-01-09 15:09:26.3538 | Telegram.Request.TelegramRequest.GetUpdates | TRACE | HTTP request number 2880 

2018-01-09 15:10:34.1042 | Telegram.Request.TelegramRequest.GetUpdates | TRACE | HTTP request number 2940 

2018-01-09 15:11:39.8267 | Telegram.Request.TelegramRequest.GetUpdates | TRACE | HTTP request number 3000 

2018-01-09 15:12:47.2041 | Telegram.Request.TelegramRequest.GetUpdates | TRACE | HTTP request number 3060 

2018-01-09 15:13:52.7653 | Telegram.Request.TelegramRequest.GetUpdates | TRACE | HTTP request number 3120 

2018-01-09 15:14:58.3859 | Telegram.Request.TelegramRequest.GetUpdates | TRACE | HTTP request number 3180 

2018-01-09 15:16:03.3355 | Telegram.Request.TelegramRequest.GetUpdates | TRACE | HTTP request number 3240 

2018-01-09 15:17:07.9061 | Telegram.Request.TelegramRequest.GetUpdates | TRACE | HTTP request number 3300 

2018-01-09 15:18:13.2074 | Telegram.Request.TelegramRequest.GetUpdates | TRACE | HTTP request number 3360 

2018-01-09 15:19:19.8496 | Telegram.Request.TelegramRequest.GetUpdates | TRACE | HTTP request number 3420 

2018-01-09 15:20:26.2608 | Telegram.Request.TelegramRequest.GetUpdates | TRACE | HTTP request number 3480 

2018-01-09 15:21:31.9678 | Telegram.Request.TelegramRequest.GetUpdates | TRACE | HTTP request number 3540 

2018-01-09 15:22:36.7392 | Telegram.Request.TelegramRequest.GetUpdates | TRACE | HTTP request number 3600 

2018-01-09 15:23:42.5998 | Telegram.Request.TelegramRequest.GetUpdates | TRACE | HTTP request number 3660 

2018-01-09 15:24:50.2595 | Telegram.Request.TelegramRequest.GetUpdates | TRACE | HTTP request number 3720 

2018-01-09 15:25:55.9262 | Telegram.Request.TelegramRequest.GetUpdates | TRACE | HTTP request number 3780 

2018-01-09 15:27:00.9293 | Telegram.Request.TelegramRequest.GetUpdates | TRACE | HTTP request number 3840 

2018-01-09 15:28:06.3788 | Telegram.Request.TelegramRequest.GetUpdates | TRACE | HTTP request number 3900 

2018-01-09 15:29:10.9853 | Telegram.Request.TelegramRequest.GetUpdates | TRACE | HTTP request number 3960 

2018-01-09 15:30:17.0096 | Telegram.Request.TelegramRequest.GetUpdates | TRACE | HTTP request number 4020 

2018-01-09 15:31:21.7373 | Telegram.Request.TelegramRequest.GetUpdates | TRACE | HTTP request number 4080 

2018-01-09 15:32:26.2592 | Telegram.Request.TelegramRequest.GetUpdates | TRACE | HTTP request number 4140 

2018-01-09 15:33:31.0324 | Telegram.Request.TelegramRequest.GetUpdates | TRACE | HTTP request number 4200 

2018-01-09 15:34:36.7805 | Telegram.Request.TelegramRequest.GetUpdates | TRACE | HTTP request number 4260 

2018-01-09 15:35:41.2559 | Telegram.Request.TelegramRequest.GetUpdates | TRACE | HTTP request number 4320 

2018-01-09 15:36:49.6183 | Telegram.Request.TelegramRequest.GetUpdates | TRACE | HTTP request number 4380 

2018-01-09 15:37:54.3909 | Telegram.Request.TelegramRequest.GetUpdates | TRACE | HTTP request number 4440 

2018-01-09 15:38:59.2281 | Telegram.Request.TelegramRequest.GetUpdates | TRACE | HTTP request number 4500 

2018-01-09 15:40:05.6882 | Telegram.Request.TelegramRequest.GetUpdates | TRACE | HTTP request number 4560 

2018-01-09 15:41:12.1708 | Telegram.Request.TelegramRequest.GetUpdates | TRACE | HTTP request number 4620 

2018-01-09 15:42:19.4478 | Telegram.Request.TelegramRequest.GetUpdates | TRACE | HTTP request number 4680 

2018-01-09 15:43:23.9674 | Telegram.Request.TelegramRequest.GetUpdates | TRACE | HTTP request number 4740 

2018-01-09 15:44:28.5680 | Telegram.Request.TelegramRequest.GetUpdates | TRACE | HTTP request number 4800 

2018-01-09 15:45:33.9527 | Telegram.Request.TelegramRequest.GetUpdates | TRACE | HTTP request number 4860 

2018-01-09 15:46:38.3994 | Telegram.Request.TelegramRequest.GetUpdates | TRACE | HTTP request number 4920 

2018-01-09 15:47:43.3898 | Telegram.Request.TelegramRequest.GetUpdates | TRACE | HTTP request number 4980 

2018-01-09 15:48:47.8747 | Telegram.Request.TelegramRequest.GetUpdates | TRACE | HTTP request number 5040 

2018-01-09 15:49:53.5658 | Telegram.Request.TelegramRequest.GetUpdates | TRACE | HTTP request number 5100 

2018-01-09 15:50:59.7387 | Telegram.Request.TelegramRequest.GetUpdates | TRACE | HTTP request number 5160 

2018-01-09 15:52:05.0036 | Telegram.Request.TelegramRequest.GetUpdates | TRACE | HTTP request number 5220 

2018-01-09 15:53:10.6825 | Telegram.Request.TelegramRequest.GetUpdates | TRACE | HTTP request number 5280 

2018-01-09 15:54:16.4640 | Telegram.Request.TelegramRequest.GetUpdates | TRACE | HTTP request number 5340 

2018-01-09 15:55:23.0254 | Telegram.Request.TelegramRequest.GetUpdates | TRACE | HTTP request number 5400 

2018-01-09 15:56:28.6570 | Telegram.Request.TelegramRequest.GetUpdates | TRACE | HTTP request number 5460 

2018-01-09 15:57:35.3606 | Telegram.Request.TelegramRequest.GetUpdates | TRACE | HTTP request number 5520 

2018-01-09 15:58:41.3633 | Telegram.Request.TelegramRequest.GetUpdates | TRACE | HTTP request number 5580 

2018-01-09 15:59:48.2477 | Telegram.Request.TelegramRequest.GetUpdates | TRACE | HTTP request number 5640 

2018-01-09 16:00:55.6489 | Telegram.Request.TelegramRequest.GetUpdates | TRACE | HTTP request number 5700 

2018-01-09 16:02:03.2266 | Telegram.Request.TelegramRequest.GetUpdates | TRACE | HTTP request number 5760 

2018-01-09 16:03:10.3403 | Telegram.Request.TelegramRequest.GetUpdates | TRACE | HTTP request number 5820 

2018-01-09 16:04:16.0093 | Telegram.Request.TelegramRequest.GetUpdates | TRACE | HTTP request number 5880 

2018-01-09 16:05:22.6702 | Telegram.Request.TelegramRequest.GetUpdates | TRACE | HTTP request number 5940 

2018-01-09 16:06:29.6418 | Telegram.Request.TelegramRequest.GetUpdates | TRACE | HTTP request number 6000 

2018-01-09 16:07:40.9062 | Telegram.Request.TelegramRequest.GetUpdates | TRACE | HTTP request number 6060 

2018-01-09 16:08:46.3500 | Telegram.Request.TelegramRequest.GetUpdates | TRACE | HTTP request number 6120 

2018-01-09 16:09:52.6114 | Telegram.Request.TelegramRequest.GetUpdates | TRACE | HTTP request number 6180 

2018-01-09 16:10:57.7300 | Telegram.Request.TelegramRequest.GetUpdates | TRACE | HTTP request number 6240 

2018-01-09 16:12:08.6475 | Telegram.Request.TelegramRequest.GetUpdates | TRACE | HTTP request number 6300 

2018-01-09 16:13:19.0713 | Telegram.Request.TelegramRequest.GetUpdates | TRACE | HTTP request number 6360 

2018-01-09 16:14:29.3113 | Telegram.Request.TelegramRequest.GetUpdates | TRACE | HTTP request number 6420 

2018-01-09 16:15:34.7036 | Telegram.Request.TelegramRequest.GetUpdates | TRACE | HTTP request number 6480 

2018-01-09 16:16:41.0778 | Telegram.Request.TelegramRequest.GetUpdates | TRACE | HTTP request number 6540 

2018-01-09 16:17:47.0146 | Telegram.Request.TelegramRequest.GetUpdates | TRACE | HTTP request number 6600 

2018-01-09 16:18:53.1473 | Telegram.Request.TelegramRequest.GetUpdates | TRACE | HTTP request number 6660 

2018-01-09 16:20:00.2617 | Telegram.Request.TelegramRequest.GetUpdates | TRACE | HTTP request number 6720 

2018-01-09 16:21:07.5629 | Telegram.Request.TelegramRequest.GetUpdates | TRACE | HTTP request number 6780 

2018-01-09 16:22:12.3419 | Telegram.Request.TelegramRequest.GetUpdates | TRACE | HTTP request number 6840 

2018-01-09 16:23:18.3848 | Telegram.Request.TelegramRequest.GetUpdates | TRACE | HTTP request number 6900 

2018-01-09 16:24:22.7548 | Telegram.Request.TelegramRequest.GetUpdates | TRACE | HTTP request number 6960 

2018-01-09 16:25:34.5563 | Telegram.Request.TelegramRequest.GetUpdates | TRACE | HTTP request number 7020 

2018-01-09 16:26:39.1066 | Telegram.Request.TelegramRequest.GetUpdates | TRACE | HTTP request number 7080 

2018-01-09 16:27:44.4443 | Telegram.Request.TelegramRequest.GetUpdates | TRACE | HTTP request number 7140 

2018-01-09 16:28:50.5124 | Telegram.Request.TelegramRequest.GetUpdates | TRACE | HTTP request number 7200 

2018-01-09 16:29:56.8266 | Telegram.Request.TelegramRequest.GetUpdates | TRACE | HTTP request number 7260 

2018-01-09 16:31:03.2983 | Telegram.Request.TelegramRequest.GetUpdates | TRACE | HTTP request number 7320 

2018-01-09 16:32:07.8103 | Telegram.Request.TelegramRequest.GetUpdates | TRACE | HTTP request number 7380 

2018-01-09 16:33:12.4219 | Telegram.Request.TelegramRequest.GetUpdates | TRACE | HTTP request number 7440 

2018-01-09 16:34:16.9240 | Telegram.Request.TelegramRequest.GetUpdates | TRACE | HTTP request number 7500 

2018-01-09 16:35:21.2995 | Telegram.Request.TelegramRequest.GetUpdates | TRACE | HTTP request number 7560 

2018-01-09 16:36:28.4371 | Telegram.Request.TelegramRequest.GetUpdates | TRACE | HTTP request number 7620 

2018-01-09 16:37:33.1517 | Telegram.Request.TelegramRequest.GetUpdates | TRACE | HTTP request number 7680 

2018-01-09 16:38:38.0346 | Telegram.Request.TelegramRequest.GetUpdates | TRACE | HTTP request number 7740 

2018-01-09 16:39:44.0246 | Telegram.Request.TelegramRequest.GetUpdates | TRACE | HTTP request number 7800 

2018-01-09 16:40:48.3693 | Telegram.Request.TelegramRequest.GetUpdates | TRACE | HTTP request number 7860 

2018-01-09 16:41:55.4852 | Telegram.Request.TelegramRequest.GetUpdates | TRACE | HTTP request number 7920 

2018-01-09 16:43:09.1498 | Telegram.Request.TelegramRequest.GetUpdates | TRACE | HTTP request number 7980 

2018-01-09 16:44:14.7038 | Telegram.Request.TelegramRequest.GetUpdates | TRACE | HTTP request number 8040 

2018-01-09 16:45:20.4427 | Telegram.Request.TelegramRequest.GetUpdates | TRACE | HTTP request number 8100 

2018-01-09 16:46:26.5125 | Telegram.Request.TelegramRequest.GetUpdates | TRACE | HTTP request number 8160 

2018-01-09 16:47:35.8166 | Telegram.Request.TelegramRequest.GetUpdates | TRACE | HTTP request number 8220 

2018-01-09 16:48:44.9824 | Telegram.Request.TelegramRequest.GetUpdates | TRACE | HTTP request number 8280 

2018-01-09 16:49:50.4034 | Telegram.Request.TelegramRequest.GetUpdates | TRACE | HTTP request number 8340 

2018-01-09 16:50:56.0922 | Telegram.Request.TelegramRequest.GetUpdates | TRACE | HTTP request number 8400 

2018-01-09 16:52:00.5314 | Telegram.Request.TelegramRequest.GetUpdates | TRACE | HTTP request number 8460 

2018-01-09 16:53:07.5126 | Telegram.Request.TelegramRequest.GetUpdates | TRACE | HTTP request number 8520 

2018-01-09 16:54:13.9196 | Telegram.Request.TelegramRequest.GetUpdates | TRACE | HTTP request number 8580 

2018-01-09 16:55:18.4585 | Telegram.Request.TelegramRequest.GetUpdates | TRACE | HTTP request number 8640 

2018-01-09 16:56:23.2987 | Telegram.Request.TelegramRequest.GetUpdates | TRACE | HTTP request number 8700 

2018-01-09 16:57:28.4100 | Telegram.Request.TelegramRequest.GetUpdates | TRACE | HTTP request number 8760 

2018-01-09 16:58:33.4995 | Telegram.Request.TelegramRequest.GetUpdates | TRACE | HTTP request number 8820 

2018-01-09 16:59:38.1066 | Telegram.Request.TelegramRequest.GetUpdates | TRACE | HTTP request number 8880 

2018-01-09 17:00:44.1704 | Telegram.Request.TelegramRequest.GetUpdates | TRACE | HTTP request number 8940 

2018-01-09 17:01:51.9662 | Telegram.Request.TelegramRequest.GetUpdates | TRACE | HTTP request number 9000 

2018-01-09 17:03:00.6010 | Telegram.Request.TelegramRequest.GetUpdates | TRACE | HTTP request number 9060 

2018-01-09 17:04:05.6606 | Telegram.Request.TelegramRequest.GetUpdates | TRACE | HTTP request number 9120 

2018-01-09 17:05:10.8080 | Telegram.Request.TelegramRequest.GetUpdates | TRACE | HTTP request number 9180 

2018-01-09 17:06:18.2500 | Telegram.Request.TelegramRequest.GetUpdates | TRACE | HTTP request number 9240 

2018-01-09 17:07:24.7536 | Telegram.Request.TelegramRequest.GetUpdates | TRACE | HTTP request number 9300 

2018-01-09 17:08:30.3099 | Telegram.Request.TelegramRequest.GetUpdates | TRACE | HTTP request number 9360 

2018-01-09 17:09:36.8946 | Telegram.Request.TelegramRequest.GetUpdates | TRACE | HTTP request number 9420 

