2018-01-18 10:40:25.6011 | DeeBeeTeeAlphaBot.Program.Main | INFO | Запуск бота 

2018-01-18 10:40:25.6506 | DeeBeeTeeAlphaBot.Program.Main | INFO | Подключение к БД 

2018-01-18 10:40:26.2375 | DeeBeeTeeAlphaBot.Program.Main | INFO | Запуск пуллинга telegram API 

2018-01-18 10:41:29.9082 | Telegram.Request.TelegramRequest.GetUpdates | TRACE | HTTP request number 60 

2018-01-18 10:42:42.6612 | Telegram.Request.TelegramRequest.GetUpdates | TRACE | HTTP request number 120 

2018-01-18 10:43:49.7206 | Telegram.Request.TelegramRequest.GetUpdates | TRACE | HTTP request number 180 

2018-01-18 10:44:53.9834 | Telegram.Request.TelegramRequest.GetUpdates | TRACE | HTTP request number 240 

2018-01-18 10:45:58.1511 | Telegram.Request.TelegramRequest.GetUpdates | TRACE | HTTP request number 300 

2018-01-18 10:47:02.9637 | Telegram.Request.TelegramRequest.GetUpdates | TRACE | HTTP request number 360 

2018-01-18 10:48:07.8459 | Telegram.Request.TelegramRequest.GetUpdates | TRACE | HTTP request number 420 

2018-01-18 10:49:15.8548 | Telegram.Request.TelegramRequest.GetUpdates | TRACE | HTTP request number 480 

2018-01-18 10:50:24.5240 | Telegram.Request.TelegramRequest.GetUpdates | TRACE | HTTP request number 540 

2018-01-18 10:51:33.3369 | Telegram.Request.TelegramRequest.GetUpdates | TRACE | HTTP request number 600 

2018-01-18 10:52:38.1091 | Telegram.Request.TelegramRequest.GetUpdates | TRACE | HTTP request number 660 

2018-01-18 10:53:42.8228 | Telegram.Request.TelegramRequest.GetUpdates | TRACE | HTTP request number 720 

2018-01-18 10:54:47.5126 | Telegram.Request.TelegramRequest.GetUpdates | TRACE | HTTP request number 780 

2018-01-18 10:55:52.5826 | Telegram.Request.TelegramRequest.GetUpdates | TRACE | HTTP request number 840 

2018-01-18 10:56:59.2575 | Telegram.Request.TelegramRequest.GetUpdates | TRACE | HTTP request number 900 

2018-01-18 10:58:07.2360 | Telegram.Request.TelegramRequest.GetUpdates | TRACE | HTTP request number 960 

2018-01-18 10:59:11.7220 | Telegram.Request.TelegramRequest.GetUpdates | TRACE | HTTP request number 1020 

2018-01-18 11:00:16.0832 | Telegram.Request.TelegramRequest.GetUpdates | TRACE | HTTP request number 1080 

2018-01-18 11:01:22.0658 | Telegram.Request.TelegramRequest.GetUpdates | TRACE | HTTP request number 1140 

2018-01-18 11:02:28.5649 | Telegram.Request.TelegramRequest.GetUpdates | TRACE | HTTP request number 1200 

2018-01-18 11:03:33.1078 | Telegram.Request.TelegramRequest.GetUpdates | TRACE | HTTP request number 1260 

2018-01-18 11:04:41.3572 | Telegram.Request.TelegramRequest.GetUpdates | TRACE | HTTP request number 1320 

2018-01-18 11:05:46.6751 | Telegram.Request.TelegramRequest.GetUpdates | TRACE | HTTP request number 1380 

2018-01-18 11:06:52.7914 | Telegram.Request.TelegramRequest.GetUpdates | TRACE | HTTP request number 1440 

2018-01-18 11:07:59.0131 | Telegram.Request.TelegramRequest.GetUpdates | TRACE | HTTP request number 1500 

2018-01-18 11:09:03.5117 | Telegram.Request.TelegramRequest.GetUpdates | TRACE | HTTP request number 1560 

2018-01-18 11:10:09.9100 | Telegram.Request.TelegramRequest.GetUpdates | TRACE | HTTP request number 1620 

2018-01-18 11:11:14.2836 | Telegram.Request.TelegramRequest.GetUpdates | TRACE | HTTP request number 1680 

2018-01-18 11:12:21.1354 | Telegram.Request.TelegramRequest.GetUpdates | TRACE | HTTP request number 1740 

2018-01-18 11:13:25.6307 | Telegram.Request.TelegramRequest.GetUpdates | TRACE | HTTP request number 1800 

2018-01-18 11:14:30.4586 | Telegram.Request.TelegramRequest.GetUpdates | TRACE | HTTP request number 1860 

2018-01-18 11:15:41.1411 | Telegram.Request.TelegramRequest.GetUpdates | TRACE | HTTP request number 1920 

2018-01-18 11:16:52.1802 | Telegram.Request.TelegramRequest.GetUpdates | TRACE | HTTP request number 1980 

2018-01-18 11:18:01.7857 | Telegram.Request.TelegramRequest.GetUpdates | TRACE | HTTP request number 2040 

2018-01-18 11:19:06.3600 | Telegram.Request.TelegramRequest.GetUpdates | TRACE | HTTP request number 2100 

2018-01-18 11:20:11.1391 | Telegram.Request.TelegramRequest.GetUpdates | TRACE | HTTP request number 2160 

2018-01-18 11:21:15.8359 | Telegram.Request.TelegramRequest.GetUpdates | TRACE | HTTP request number 2220 

2018-01-18 11:22:23.1059 | Telegram.Request.TelegramRequest.GetUpdates | TRACE | HTTP request number 2280 

2018-01-18 11:23:28.0224 | Telegram.Request.TelegramRequest.GetUpdates | TRACE | HTTP request number 2340 

2018-01-18 11:24:33.1503 | Telegram.Request.TelegramRequest.GetUpdates | TRACE | HTTP request number 2400 

2018-01-18 11:25:40.7940 | Telegram.Request.TelegramRequest.GetUpdates | TRACE | HTTP request number 2460 

2018-01-18 11:26:47.4436 | Telegram.Request.TelegramRequest.GetUpdates | TRACE | HTTP request number 2520 

2018-01-18 11:27:51.7916 | Telegram.Request.TelegramRequest.GetUpdates | TRACE | HTTP request number 2580 

2018-01-18 11:28:59.5487 | Telegram.Request.TelegramRequest.GetUpdates | TRACE | HTTP request number 2640 

2018-01-18 11:30:06.9136 | Telegram.Request.TelegramRequest.GetUpdates | TRACE | HTTP request number 2700 

2018-01-18 11:31:13.6642 | Telegram.Request.TelegramRequest.GetUpdates | TRACE | HTTP request number 2760 

2018-01-18 11:32:19.5416 | Telegram.Request.TelegramRequest.GetUpdates | TRACE | HTTP request number 2820 

2018-01-18 11:33:24.6313 | Telegram.Request.TelegramRequest.GetUpdates | TRACE | HTTP request number 2880 

2018-01-18 11:34:30.8814 | Telegram.Request.TelegramRequest.GetUpdates | TRACE | HTTP request number 2940 

2018-01-18 11:35:36.4689 | Telegram.Request.TelegramRequest.GetUpdates | TRACE | HTTP request number 3000 

2018-01-18 11:36:46.0578 | Telegram.Request.TelegramRequest.GetUpdates | TRACE | HTTP request number 3060 

2018-01-18 11:37:51.8021 | Telegram.Request.TelegramRequest.GetUpdates | TRACE | HTTP request number 3120 

2018-01-18 11:38:56.7229 | Telegram.Request.TelegramRequest.GetUpdates | TRACE | HTTP request number 3180 

2018-01-18 11:40:01.3297 | Telegram.Request.TelegramRequest.GetUpdates | TRACE | HTTP request number 3240 

2018-01-18 11:41:06.5979 | Telegram.Request.TelegramRequest.GetUpdates | TRACE | HTTP request number 3300 

2018-01-18 11:42:11.1046 | Telegram.Request.TelegramRequest.GetUpdates | TRACE | HTTP request number 3360 

2018-01-18 11:43:37.7994 | Telegram.Request.TelegramRequest.GetUpdates | TRACE | HTTP request number 3420 

2018-01-18 11:44:46.4424 | Telegram.Request.TelegramRequest.GetUpdates | TRACE | HTTP request number 3480 

2018-01-18 11:45:52.3366 | Telegram.Request.TelegramRequest.GetUpdates | TRACE | HTTP request number 3540 

2018-01-18 11:47:00.4135 | Telegram.Request.TelegramRequest.GetUpdates | TRACE | HTTP request number 3600 

2018-01-18 11:48:07.1258 | Telegram.Request.TelegramRequest.GetUpdates | TRACE | HTTP request number 3660 

2018-01-18 11:49:15.6955 | Telegram.Request.TelegramRequest.GetUpdates | TRACE | HTTP request number 3720 

2018-01-18 11:50:31.6040 | Telegram.Request.TelegramRequest.GetUpdates | TRACE | HTTP request number 3780 

2018-01-18 11:51:36.6017 | Telegram.Request.TelegramRequest.GetUpdates | TRACE | HTTP request number 3840 

2018-01-18 11:52:41.5446 | Telegram.Request.TelegramRequest.GetUpdates | TRACE | HTTP request number 3900 

2018-01-18 11:53:47.6335 | Telegram.Request.TelegramRequest.GetUpdates | TRACE | HTTP request number 3960 

2018-01-18 11:54:52.2773 | Telegram.Request.TelegramRequest.GetUpdates | TRACE | HTTP request number 4020 

2018-01-18 11:55:59.7428 | Telegram.Request.TelegramRequest.GetUpdates | TRACE | HTTP request number 4080 

2018-01-18 11:57:04.2355 | Telegram.Request.TelegramRequest.GetUpdates | TRACE | HTTP request number 4140 

2018-01-18 11:58:12.0851 | Telegram.Request.TelegramRequest.GetUpdates | TRACE | HTTP request number 4200 

2018-01-18 11:59:17.7874 | Telegram.Request.TelegramRequest.GetUpdates | TRACE | HTTP request number 4260 

2018-01-18 12:00:22.2987 | Telegram.Request.TelegramRequest.GetUpdates | TRACE | HTTP request number 4320 

2018-01-18 12:01:31.2208 | Telegram.Request.TelegramRequest.GetUpdates | TRACE | HTTP request number 4380 

2018-01-18 12:02:39.3506 | Telegram.Request.TelegramRequest.GetUpdates | TRACE | HTTP request number 4440 

2018-01-18 12:03:45.5999 | Telegram.Request.TelegramRequest.GetUpdates | TRACE | HTTP request number 4500 

2018-01-18 12:04:50.1294 | Telegram.Request.TelegramRequest.GetUpdates | TRACE | HTTP request number 4560 

2018-01-18 12:05:56.5761 | Telegram.Request.TelegramRequest.GetUpdates | TRACE | HTTP request number 4620 

2018-01-18 12:07:01.1057 | Telegram.Request.TelegramRequest.GetUpdates | TRACE | HTTP request number 4680 

2018-01-18 12:08:07.3117 | Telegram.Request.TelegramRequest.GetUpdates | TRACE | HTTP request number 4740 

2018-01-18 12:09:12.3628 | Telegram.Request.TelegramRequest.GetUpdates | TRACE | HTTP request number 4800 

2018-01-18 12:10:16.9682 | Telegram.Request.TelegramRequest.GetUpdates | TRACE | HTTP request number 4860 

2018-01-18 12:11:24.2046 | Telegram.Request.TelegramRequest.GetUpdates | TRACE | HTTP request number 4920 

2018-01-18 12:12:32.8921 | Telegram.Request.TelegramRequest.GetUpdates | TRACE | HTTP request number 4980 

2018-01-18 12:13:37.4194 | Telegram.Request.TelegramRequest.GetUpdates | TRACE | HTTP request number 5040 

2018-01-18 12:14:46.2209 | Telegram.Request.TelegramRequest.GetUpdates | TRACE | HTTP request number 5100 

2018-01-18 12:15:50.7827 | Telegram.Request.TelegramRequest.GetUpdates | TRACE | HTTP request number 5160 

2018-01-18 12:16:55.8514 | Telegram.Request.TelegramRequest.GetUpdates | TRACE | HTTP request number 5220 

2018-01-18 12:18:01.7220 | Telegram.Request.TelegramRequest.GetUpdates | TRACE | HTTP request number 5280 

2018-01-18 12:19:07.6096 | Telegram.Request.TelegramRequest.GetUpdates | TRACE | HTTP request number 5340 

2018-01-18 12:20:14.3156 | Telegram.Request.TelegramRequest.GetUpdates | TRACE | HTTP request number 5400 

2018-01-18 12:21:22.4701 | Telegram.Request.TelegramRequest.GetUpdates | TRACE | HTTP request number 5460 

2018-01-18 12:22:28.6251 | Telegram.Request.TelegramRequest.GetUpdates | TRACE | HTTP request number 5520 

2018-01-18 12:23:34.8661 | Telegram.Request.TelegramRequest.GetUpdates | TRACE | HTTP request number 5580 

2018-01-18 12:24:40.1082 | Telegram.Request.TelegramRequest.GetUpdates | TRACE | HTTP request number 5640 

2018-01-18 12:25:44.4557 | Telegram.Request.TelegramRequest.GetUpdates | TRACE | HTTP request number 5700 

2018-01-18 12:26:54.3946 | Telegram.Request.TelegramRequest.GetUpdates | TRACE | HTTP request number 5760 

2018-01-18 12:28:01.6867 | Telegram.Request.TelegramRequest.GetUpdates | TRACE | HTTP request number 5820 

2018-01-18 12:29:06.3000 | Telegram.Request.TelegramRequest.GetUpdates | TRACE | HTTP request number 5880 

2018-01-18 12:30:12.4890 | Telegram.Request.TelegramRequest.GetUpdates | TRACE | HTTP request number 5940 

2018-01-18 12:31:20.8858 | Telegram.Request.TelegramRequest.GetUpdates | TRACE | HTTP request number 6000 

2018-01-18 12:32:25.5537 | Telegram.Request.TelegramRequest.GetUpdates | TRACE | HTTP request number 6060 

2018-01-18 12:33:32.0586 | Telegram.Request.TelegramRequest.GetUpdates | TRACE | HTTP request number 6120 

2018-01-18 12:34:36.6279 | Telegram.Request.TelegramRequest.GetUpdates | TRACE | HTTP request number 6180 

2018-01-18 12:35:44.3166 | Telegram.Request.TelegramRequest.GetUpdates | TRACE | HTTP request number 6240 

2018-01-18 12:36:50.6042 | Telegram.Request.TelegramRequest.GetUpdates | TRACE | HTTP request number 6300 

2018-01-18 12:37:55.6451 | Telegram.Request.TelegramRequest.GetUpdates | TRACE | HTTP request number 6360 

2018-01-18 12:39:01.7517 | Telegram.Request.TelegramRequest.GetUpdates | TRACE | HTTP request number 6420 

2018-01-18 12:40:10.5678 | Telegram.Request.TelegramRequest.GetUpdates | TRACE | HTTP request number 6480 

2018-01-18 12:41:15.6359 | Telegram.Request.TelegramRequest.GetUpdates | TRACE | HTTP request number 6540 

2018-01-18 12:42:23.0888 | Telegram.Request.TelegramRequest.GetUpdates | TRACE | HTTP request number 6600 

2018-01-18 12:43:34.4841 | Telegram.Request.TelegramRequest.GetUpdates | TRACE | HTTP request number 6660 

2018-01-18 12:44:41.4795 | Telegram.Request.TelegramRequest.GetUpdates | TRACE | HTTP request number 6720 

2018-01-18 12:45:45.8264 | Telegram.Request.TelegramRequest.GetUpdates | TRACE | HTTP request number 6780 

2018-01-18 12:46:52.4835 | Telegram.Request.TelegramRequest.GetUpdates | TRACE | HTTP request number 6840 

2018-01-18 12:48:00.8761 | Telegram.Request.TelegramRequest.GetUpdates | TRACE | HTTP request number 6900 

2018-01-18 12:49:11.3169 | Telegram.Request.TelegramRequest.GetUpdates | TRACE | HTTP request number 6960 

2018-01-18 12:50:21.9050 | Telegram.Request.TelegramRequest.GetUpdates | TRACE | HTTP request number 7020 

2018-01-18 12:51:28.9765 | Telegram.Request.TelegramRequest.GetUpdates | TRACE | HTTP request number 7080 

2018-01-18 12:52:38.4612 | Telegram.Request.TelegramRequest.GetUpdates | TRACE | HTTP request number 7140 

2018-01-18 12:53:47.7898 | Telegram.Request.TelegramRequest.GetUpdates | TRACE | HTTP request number 7200 

2018-01-18 12:54:52.3853 | Telegram.Request.TelegramRequest.GetUpdates | TRACE | HTTP request number 7260 

2018-01-18 12:55:56.9789 | Telegram.Request.TelegramRequest.GetUpdates | TRACE | HTTP request number 7320 

2018-01-18 12:57:05.2353 | Telegram.Request.TelegramRequest.GetUpdates | TRACE | HTTP request number 7380 

2018-01-18 12:58:11.8821 | Telegram.Request.TelegramRequest.GetUpdates | TRACE | HTTP request number 7440 

2018-01-18 12:59:16.1694 | Telegram.Request.TelegramRequest.GetUpdates | TRACE | HTTP request number 7500 

2018-01-18 13:00:22.0486 | Telegram.Request.TelegramRequest.GetUpdates | TRACE | HTTP request number 7560 

2018-01-18 13:01:30.6756 | Telegram.Request.TelegramRequest.GetUpdates | TRACE | HTTP request number 7620 

2018-01-18 13:02:35.9784 | Telegram.Request.TelegramRequest.GetUpdates | TRACE | HTTP request number 7680 

2018-01-18 13:02:42.5058 | Telegram.Request.TelegramRequest.GetUpdates | DEBUG | New message event 

2018-01-18 13:02:42.5188 | DeeBeeTeeAlphaBot.Program.Tr_MessageText | DEBUG | New message: message_id:499 user_id:459569 chat_id:-156558308 username:Sergeiaf name: Сергей Федоров date: 1516269762 message:'/t' 

2018-01-18 13:02:43.0802 | DeeBeeTeeAlphaBot.Program.Tr_MessageText | INFO | Получение команды /t 

2018-01-18 13:02:43.0954 | DeeBeeTeeDB.DBAPI.Command_transaction | DEBUG | Начала парсинга транзакции в строке '' 

2018-01-18 13:02:43.3310 | DeeBeeTeeDB.DBAPI.UpdateChat | TRACE | Chat update 

2018-01-18 13:02:43.3310 | DeeBeeTeeDB.DBAPI.UpdateChat | TRACE | ChatUpdateSQL: INSERT INTO [dbo].[chats] ([chat_id],[type],[title],[username]) SELECT -156558308 ,'group' ,'ОФФшор', 'Sergeiaf' WHERE NOT EXISTS (SELECT NULL FROM [dbo].[chats] WHERE [chat_id] = -156558308) 

2018-01-18 13:02:43.4244 | DeeBeeTeeDB.DBAPI.UpdateChat | TRACE | Chat users update 

2018-01-18 13:02:43.4244 | DeeBeeTeeDB.DBAPI.UpdateChat | TRACE | ChatUsersUpdateSQL: INSERT INTO [dbo].[chatusers] ([chat_id],[user_id],[date_reg]) SELECT -156558308 , 459569, getdate() WHERE NOT EXISTS (SELECT NULL FROM [dbo].[chatusers] WHERE [chat_id] = -156558308 AND [user_id] = 459569) 

2018-01-18 13:02:50.1796 | Telegram.Request.TelegramRequest.GetUpdates | DEBUG | New message event 

2018-01-18 13:02:50.1888 | DeeBeeTeeAlphaBot.Program.Tr_MessageText | DEBUG | New message: message_id:502 user_id:459569 chat_id:-156558308 username:Sergeiaf name: Сергей Федоров date: 1516269769 message:'/d' 

2018-01-18 13:02:50.1888 | DeeBeeTeeAlphaBot.Program.Tr_MessageText | INFO | Получение команды /d 

2018-01-18 13:02:50.2088 | DeeBeeTeeDB.DBAPI.Command_details | DEBUG | Поиск пользователя 'Sergeiaf' 

2018-01-18 13:02:50.2188 | DeeBeeTeeDB.DBAPI.SearchUser | TRACE | UserSearchSQL: SELECT uid, [user], assign_date, limit, user_id from dbo.[users] where [user] = 'Sergeiaf' 

2018-01-18 13:02:50.3028 | DeeBeeTeeDB.DBAPI.GetUserBalance | TRACE | GetUserBalanceSQL: SELECT ISNULL((select SUM(amount) from dbo.[transactions] WHERE [from_user] = 'Sergeiaf'),0) - ISNULL((select SUM(amount) from dbo.[transactions] WHERE [to_user] = 'Sergeiaf'), 0) as Bal  

2018-01-18 13:02:50.3887 | DeeBeeTeeDB.DBAPI.GetUserDetails | TRACE | GetUserDetailsSQL: SELECT to_user, SUM(amount) as amount FROM (SELECT [tid], [from_user], [amount], [to_user] FROM [dbo].[transactions] union SELECT [tid], [to_user], [amount]*(-1), [from_user] FROM [dbo].[transactions] ) AS T WHERE from_user = 'Sergeiaf' GROUP BY to_user 

2018-01-18 13:02:50.4734 | DeeBeeTeeDB.DBAPI.GetUserDetails | TRACE | Generate dbt from: Sergeiaf to: Infom amount: 169,00  

2018-01-18 13:02:50.4734 | DeeBeeTeeDB.DBAPI.GetUserDetails | TRACE | Generate dbt from: Sergeiaf to: TretyakRoman amount: 355,00  

2018-01-18 13:02:50.4904 | DeeBeeTeeDB.DBAPI.Command_details | INFO | Возврат результата команды details с сообщениемДетали пользователя @Sergeiaf. Баланс: 524,00
 @Infom должен 169,00 @Sergeiaf
 @TretyakRoman должен 355,00 @Sergeiaf
 

2018-01-18 13:02:50.6539 | DeeBeeTeeDB.DBAPI.UpdateChat | TRACE | Chat update 

2018-01-18 13:02:50.6539 | DeeBeeTeeDB.DBAPI.UpdateChat | TRACE | ChatUpdateSQL: INSERT INTO [dbo].[chats] ([chat_id],[type],[title],[username]) SELECT -156558308 ,'group' ,'ОФФшор', 'Sergeiaf' WHERE NOT EXISTS (SELECT NULL FROM [dbo].[chats] WHERE [chat_id] = -156558308) 

2018-01-18 13:02:50.7511 | DeeBeeTeeDB.DBAPI.UpdateChat | TRACE | Chat users update 

2018-01-18 13:02:50.7511 | DeeBeeTeeDB.DBAPI.UpdateChat | TRACE | ChatUsersUpdateSQL: INSERT INTO [dbo].[chatusers] ([chat_id],[user_id],[date_reg]) SELECT -156558308 , 459569, getdate() WHERE NOT EXISTS (SELECT NULL FROM [dbo].[chatusers] WHERE [chat_id] = -156558308 AND [user_id] = 459569) 

2018-01-18 13:03:40.4787 | Telegram.Request.TelegramRequest.GetUpdates | TRACE | HTTP request number 7740 

2018-01-18 13:04:48.1576 | Telegram.Request.TelegramRequest.GetUpdates | TRACE | HTTP request number 7800 

2018-01-18 13:05:57.0017 | Telegram.Request.TelegramRequest.GetUpdates | TRACE | HTTP request number 7860 

2018-01-18 13:07:02.2032 | Telegram.Request.TelegramRequest.GetUpdates | TRACE | HTTP request number 7920 

2018-01-18 13:08:06.6686 | Telegram.Request.TelegramRequest.GetUpdates | TRACE | HTTP request number 7980 

2018-01-18 13:09:11.2837 | Telegram.Request.TelegramRequest.GetUpdates | TRACE | HTTP request number 8040 

2018-01-18 13:10:16.1956 | Telegram.Request.TelegramRequest.GetUpdates | TRACE | HTTP request number 8100 

2018-01-18 13:11:25.1033 | Telegram.Request.TelegramRequest.GetUpdates | TRACE | HTTP request number 8160 

2018-01-18 13:12:29.5910 | Telegram.Request.TelegramRequest.GetUpdates | TRACE | HTTP request number 8220 

2018-01-18 13:13:34.2609 | Telegram.Request.TelegramRequest.GetUpdates | TRACE | HTTP request number 8280 

2018-01-18 13:14:38.7881 | Telegram.Request.TelegramRequest.GetUpdates | TRACE | HTTP request number 8340 

2018-01-18 13:15:44.8351 | Telegram.Request.TelegramRequest.GetUpdates | TRACE | HTTP request number 8400 

2018-01-18 13:16:49.2136 | Telegram.Request.TelegramRequest.GetUpdates | TRACE | HTTP request number 8460 

2018-01-18 13:17:53.7464 | Telegram.Request.TelegramRequest.GetUpdates | TRACE | HTTP request number 8520 

2018-01-18 13:18:59.7100 | Telegram.Request.TelegramRequest.GetUpdates | TRACE | HTTP request number 8580 

2018-01-18 13:20:04.2228 | Telegram.Request.TelegramRequest.GetUpdates | TRACE | HTTP request number 8640 

2018-01-18 13:21:10.3186 | Telegram.Request.TelegramRequest.GetUpdates | TRACE | HTTP request number 8700 

2018-01-18 14:41:26.5078 | Telegram.Request.TelegramRequest.GetUpdates | ERROR | Невозможно разрешить удаленное имя: 'api.telegram.org' 

2018-01-18 14:41:27.0059 | Telegram.Request.TelegramRequest.GetUpdates | ERROR | Невозможно разрешить удаленное имя: 'api.telegram.org' 

2018-01-18 14:41:27.3361 | Telegram.Request.TelegramRequest.GetUpdates | ERROR | Невозможно разрешить удаленное имя: 'api.telegram.org' 

2018-01-18 14:41:27.4742 | Telegram.Request.TelegramRequest.GetUpdates | ERROR | Невозможно разрешить удаленное имя: 'api.telegram.org' 

2018-01-18 14:41:27.6894 | Telegram.Request.TelegramRequest.GetUpdates | ERROR | Невозможно разрешить удаленное имя: 'api.telegram.org' 

2018-01-18 14:41:27.7334 | Telegram.Request.TelegramRequest.GetUpdates | ERROR | Невозможно разрешить удаленное имя: 'api.telegram.org' 

2018-01-18 14:41:27.7884 | Telegram.Request.TelegramRequest.GetUpdates | ERROR | Невозможно разрешить удаленное имя: 'api.telegram.org' 

2018-01-18 14:41:27.8134 | Telegram.Request.TelegramRequest.GetUpdates | ERROR | Невозможно разрешить удаленное имя: 'api.telegram.org' 

2018-01-18 14:41:27.8224 | Telegram.Request.TelegramRequest.GetUpdates | ERROR | Невозможно разрешить удаленное имя: 'api.telegram.org' 

2018-01-18 14:41:27.8364 | Telegram.Request.TelegramRequest.GetUpdates | ERROR | Невозможно разрешить удаленное имя: 'api.telegram.org' 

2018-01-18 14:41:27.8635 | Telegram.Request.TelegramRequest.GetUpdates | ERROR | Невозможно разрешить удаленное имя: 'api.telegram.org' 

2018-01-18 14:41:27.8635 | Telegram.Request.TelegramRequest.GetUpdates | ERROR | Невозможно разрешить удаленное имя: 'api.telegram.org' 

2018-01-18 14:41:27.8835 | Telegram.Request.TelegramRequest.GetUpdates | ERROR | Невозможно разрешить удаленное имя: 'api.telegram.org' 

2018-01-18 14:41:27.8835 | Telegram.Request.TelegramRequest.GetUpdates | ERROR | Невозможно разрешить удаленное имя: 'api.telegram.org' 

2018-01-18 14:41:27.9025 | Telegram.Request.TelegramRequest.GetUpdates | ERROR | Невозможно разрешить удаленное имя: 'api.telegram.org' 

2018-01-18 14:41:27.9025 | Telegram.Request.TelegramRequest.GetUpdates | ERROR | Невозможно разрешить удаленное имя: 'api.telegram.org' 

2018-01-18 14:41:27.9175 | Telegram.Request.TelegramRequest.GetUpdates | ERROR | Невозможно разрешить удаленное имя: 'api.telegram.org' 

2018-01-18 14:41:27.9255 | Telegram.Request.TelegramRequest.GetUpdates | ERROR | Невозможно разрешить удаленное имя: 'api.telegram.org' 

2018-01-18 14:41:27.9255 | Telegram.Request.TelegramRequest.GetUpdates | ERROR | Невозможно разрешить удаленное имя: 'api.telegram.org' 

2018-01-18 14:41:27.9255 | Telegram.Request.TelegramRequest.GetUpdates | ERROR | Невозможно разрешить удаленное имя: 'api.telegram.org' 

2018-01-18 14:41:27.9505 | Telegram.Request.TelegramRequest.GetUpdates | ERROR | Невозможно разрешить удаленное имя: 'api.telegram.org' 

2018-01-18 14:41:27.9505 | Telegram.Request.TelegramRequest.GetUpdates | ERROR | Невозможно разрешить удаленное имя: 'api.telegram.org' 

2018-01-18 14:41:27.9605 | Telegram.Request.TelegramRequest.GetUpdates | ERROR | Невозможно разрешить удаленное имя: 'api.telegram.org' 

2018-01-18 14:41:27.9605 | Telegram.Request.TelegramRequest.GetUpdates | ERROR | Невозможно разрешить удаленное имя: 'api.telegram.org' 

2018-01-18 14:41:27.9605 | Telegram.Request.TelegramRequest.GetUpdates | TRACE | HTTP request number 8760 

2018-01-18 14:41:27.9770 | Telegram.Request.TelegramRequest.GetUpdates | ERROR | Невозможно разрешить удаленное имя: 'api.telegram.org' 

2018-01-18 14:41:27.9770 | Telegram.Request.TelegramRequest.GetUpdates | ERROR | Невозможно разрешить удаленное имя: 'api.telegram.org' 

2018-01-18 14:41:27.9885 | Telegram.Request.TelegramRequest.GetUpdates | ERROR | Невозможно разрешить удаленное имя: 'api.telegram.org' 

2018-01-18 14:41:27.9885 | Telegram.Request.TelegramRequest.GetUpdates | ERROR | Невозможно разрешить удаленное имя: 'api.telegram.org' 

2018-01-18 14:41:27.9885 | Telegram.Request.TelegramRequest.GetUpdates | ERROR | Невозможно разрешить удаленное имя: 'api.telegram.org' 

2018-01-18 14:41:28.0050 | Telegram.Request.TelegramRequest.GetUpdates | ERROR | Невозможно разрешить удаленное имя: 'api.telegram.org' 

2018-01-18 14:41:28.0050 | Telegram.Request.TelegramRequest.GetUpdates | ERROR | Невозможно разрешить удаленное имя: 'api.telegram.org' 

2018-01-18 14:41:28.0050 | Telegram.Request.TelegramRequest.GetUpdates | ERROR | Невозможно разрешить удаленное имя: 'api.telegram.org' 

2018-01-18 14:41:28.0235 | Telegram.Request.TelegramRequest.GetUpdates | ERROR | Невозможно разрешить удаленное имя: 'api.telegram.org' 

2018-01-18 14:41:28.0235 | Telegram.Request.TelegramRequest.GetUpdates | ERROR | Невозможно разрешить удаленное имя: 'api.telegram.org' 

2018-01-18 14:41:28.0350 | Telegram.Request.TelegramRequest.GetUpdates | ERROR | Невозможно разрешить удаленное имя: 'api.telegram.org' 

2018-01-18 14:41:28.0350 | Telegram.Request.TelegramRequest.GetUpdates | ERROR | Невозможно разрешить удаленное имя: 'api.telegram.org' 

2018-01-18 14:41:28.0350 | Telegram.Request.TelegramRequest.GetUpdates | ERROR | Невозможно разрешить удаленное имя: 'api.telegram.org' 

2018-01-18 14:41:28.0350 | Telegram.Request.TelegramRequest.GetUpdates | ERROR | Невозможно разрешить удаленное имя: 'api.telegram.org' 

2018-01-18 14:41:28.0545 | Telegram.Request.TelegramRequest.GetUpdates | ERROR | Невозможно разрешить удаленное имя: 'api.telegram.org' 

2018-01-18 14:41:28.0545 | Telegram.Request.TelegramRequest.GetUpdates | ERROR | Невозможно разрешить удаленное имя: 'api.telegram.org' 

2018-01-18 14:41:28.0545 | Telegram.Request.TelegramRequest.GetUpdates | ERROR | Невозможно разрешить удаленное имя: 'api.telegram.org' 

2018-01-18 14:41:28.0696 | Telegram.Request.TelegramRequest.GetUpdates | ERROR | Невозможно разрешить удаленное имя: 'api.telegram.org' 

2018-01-18 14:41:28.0696 | Telegram.Request.TelegramRequest.GetUpdates | ERROR | Невозможно разрешить удаленное имя: 'api.telegram.org' 

2018-01-18 14:41:28.0696 | Telegram.Request.TelegramRequest.GetUpdates | ERROR | Невозможно разрешить удаленное имя: 'api.telegram.org' 

2018-01-18 14:41:28.0856 | Telegram.Request.TelegramRequest.GetUpdates | ERROR | Невозможно разрешить удаленное имя: 'api.telegram.org' 

2018-01-18 14:41:28.0856 | Telegram.Request.TelegramRequest.GetUpdates | ERROR | Невозможно разрешить удаленное имя: 'api.telegram.org' 

2018-01-18 14:41:28.0856 | Telegram.Request.TelegramRequest.GetUpdates | ERROR | Невозможно разрешить удаленное имя: 'api.telegram.org' 

2018-01-18 14:41:28.1006 | Telegram.Request.TelegramRequest.GetUpdates | ERROR | Невозможно разрешить удаленное имя: 'api.telegram.org' 

2018-01-18 14:41:28.1006 | Telegram.Request.TelegramRequest.GetUpdates | ERROR | Невозможно разрешить удаленное имя: 'api.telegram.org' 

2018-01-18 14:41:28.1006 | Telegram.Request.TelegramRequest.GetUpdates | ERROR | Невозможно разрешить удаленное имя: 'api.telegram.org' 

2018-01-18 14:41:28.1156 | Telegram.Request.TelegramRequest.GetUpdates | ERROR | Невозможно разрешить удаленное имя: 'api.telegram.org' 

2018-01-18 14:41:28.1156 | Telegram.Request.TelegramRequest.GetUpdates | ERROR | Невозможно разрешить удаленное имя: 'api.telegram.org' 

2018-01-18 14:41:28.1156 | Telegram.Request.TelegramRequest.GetUpdates | ERROR | Невозможно разрешить удаленное имя: 'api.telegram.org' 

2018-01-18 14:41:28.1311 | Telegram.Request.TelegramRequest.GetUpdates | ERROR | Невозможно разрешить удаленное имя: 'api.telegram.org' 

2018-01-18 14:41:28.1311 | Telegram.Request.TelegramRequest.GetUpdates | ERROR | Невозможно разрешить удаленное имя: 'api.telegram.org' 

2018-01-18 14:41:28.1311 | Telegram.Request.TelegramRequest.GetUpdates | ERROR | Невозможно разрешить удаленное имя: 'api.telegram.org' 

2018-01-18 14:41:28.1456 | Telegram.Request.TelegramRequest.GetUpdates | ERROR | Невозможно разрешить удаленное имя: 'api.telegram.org' 

2018-01-18 14:41:28.1456 | Telegram.Request.TelegramRequest.GetUpdates | ERROR | Невозможно разрешить удаленное имя: 'api.telegram.org' 

2018-01-18 14:41:28.1456 | Telegram.Request.TelegramRequest.GetUpdates | ERROR | Невозможно разрешить удаленное имя: 'api.telegram.org' 

2018-01-18 14:41:28.1601 | Telegram.Request.TelegramRequest.GetUpdates | ERROR | Невозможно разрешить удаленное имя: 'api.telegram.org' 

2018-01-18 14:41:28.1601 | Telegram.Request.TelegramRequest.GetUpdates | ERROR | Невозможно разрешить удаленное имя: 'api.telegram.org' 

2018-01-18 14:41:28.1601 | Telegram.Request.TelegramRequest.GetUpdates | ERROR | Невозможно разрешить удаленное имя: 'api.telegram.org' 

2018-01-18 14:41:28.1796 | Telegram.Request.TelegramRequest.GetUpdates | ERROR | Невозможно разрешить удаленное имя: 'api.telegram.org' 

2018-01-18 14:41:28.1796 | Telegram.Request.TelegramRequest.GetUpdates | ERROR | Невозможно разрешить удаленное имя: 'api.telegram.org' 

2018-01-18 14:41:28.1911 | Telegram.Request.TelegramRequest.GetUpdates | ERROR | Невозможно разрешить удаленное имя: 'api.telegram.org' 

2018-01-18 14:41:28.1911 | Telegram.Request.TelegramRequest.GetUpdates | ERROR | Невозможно разрешить удаленное имя: 'api.telegram.org' 

2018-01-18 14:41:28.1911 | Telegram.Request.TelegramRequest.GetUpdates | ERROR | Невозможно разрешить удаленное имя: 'api.telegram.org' 

2018-01-18 14:41:28.2412 | Telegram.Request.TelegramRequest.GetUpdates | ERROR | Невозможно разрешить удаленное имя: 'api.telegram.org' 

2018-01-18 14:41:28.2537 | Telegram.Request.TelegramRequest.GetUpdates | ERROR | Невозможно разрешить удаленное имя: 'api.telegram.org' 

2018-01-18 14:41:28.2537 | Telegram.Request.TelegramRequest.GetUpdates | ERROR | Невозможно разрешить удаленное имя: 'api.telegram.org' 

2018-01-18 14:41:28.2537 | Telegram.Request.TelegramRequest.GetUpdates | ERROR | Невозможно разрешить удаленное имя: 'api.telegram.org' 

2018-01-18 14:41:28.2737 | Telegram.Request.TelegramRequest.GetUpdates | ERROR | Невозможно разрешить удаленное имя: 'api.telegram.org' 

2018-01-18 14:41:28.2737 | Telegram.Request.TelegramRequest.GetUpdates | ERROR | Невозможно разрешить удаленное имя: 'api.telegram.org' 

2018-01-18 14:41:28.2877 | Telegram.Request.TelegramRequest.GetUpdates | ERROR | Невозможно разрешить удаленное имя: 'api.telegram.org' 

2018-01-18 14:41:28.2877 | Telegram.Request.TelegramRequest.GetUpdates | ERROR | Невозможно разрешить удаленное имя: 'api.telegram.org' 

2018-01-18 14:41:28.3017 | Telegram.Request.TelegramRequest.GetUpdates | ERROR | Невозможно разрешить удаленное имя: 'api.telegram.org' 

2018-01-18 14:41:28.3017 | Telegram.Request.TelegramRequest.GetUpdates | ERROR | Невозможно разрешить удаленное имя: 'api.telegram.org' 

2018-01-18 14:41:28.3017 | Telegram.Request.TelegramRequest.GetUpdates | ERROR | Невозможно разрешить удаленное имя: 'api.telegram.org' 

2018-01-18 14:41:28.3217 | Telegram.Request.TelegramRequest.GetUpdates | ERROR | Невозможно разрешить удаленное имя: 'api.telegram.org' 

2018-01-18 14:41:28.3217 | Telegram.Request.TelegramRequest.GetUpdates | ERROR | Невозможно разрешить удаленное имя: 'api.telegram.org' 

2018-01-18 14:41:28.3327 | Telegram.Request.TelegramRequest.GetUpdates | ERROR | Невозможно разрешить удаленное имя: 'api.telegram.org' 

2018-01-18 14:41:28.3327 | Telegram.Request.TelegramRequest.GetUpdates | ERROR | Невозможно разрешить удаленное имя: 'api.telegram.org' 

2018-01-18 14:41:28.3327 | Telegram.Request.TelegramRequest.GetUpdates | ERROR | Невозможно разрешить удаленное имя: 'api.telegram.org' 

2018-01-18 14:41:28.3472 | Telegram.Request.TelegramRequest.GetUpdates | ERROR | Невозможно разрешить удаленное имя: 'api.telegram.org' 

2018-01-18 14:41:28.3472 | Telegram.Request.TelegramRequest.GetUpdates | TRACE | HTTP request number 8820 

2018-01-18 14:41:28.3472 | Telegram.Request.TelegramRequest.GetUpdates | ERROR | Невозможно разрешить удаленное имя: 'api.telegram.org' 

2018-01-18 14:41:28.3472 | Telegram.Request.TelegramRequest.GetUpdates | ERROR | Невозможно разрешить удаленное имя: 'api.telegram.org' 

2018-01-18 14:41:28.3693 | Telegram.Request.TelegramRequest.GetUpdates | ERROR | Невозможно разрешить удаленное имя: 'api.telegram.org' 

2018-01-18 14:41:28.3693 | Telegram.Request.TelegramRequest.GetUpdates | ERROR | Невозможно разрешить удаленное имя: 'api.telegram.org' 

2018-01-18 14:41:28.3828 | Telegram.Request.TelegramRequest.GetUpdates | ERROR | Невозможно разрешить удаленное имя: 'api.telegram.org' 

2018-01-18 14:41:28.3828 | Telegram.Request.TelegramRequest.GetUpdates | ERROR | Невозможно разрешить удаленное имя: 'api.telegram.org' 

2018-01-18 14:41:28.3828 | Telegram.Request.TelegramRequest.GetUpdates | ERROR | Невозможно разрешить удаленное имя: 'api.telegram.org' 

2018-01-18 14:41:28.3983 | Telegram.Request.TelegramRequest.GetUpdates | ERROR | Невозможно разрешить удаленное имя: 'api.telegram.org' 

2018-01-18 14:41:28.3983 | Telegram.Request.TelegramRequest.GetUpdates | ERROR | Невозможно разрешить удаленное имя: 'api.telegram.org' 

2018-01-18 14:41:28.3983 | Telegram.Request.TelegramRequest.GetUpdates | ERROR | Невозможно разрешить удаленное имя: 'api.telegram.org' 

2018-01-18 14:41:28.4173 | Telegram.Request.TelegramRequest.GetUpdates | ERROR | Невозможно разрешить удаленное имя: 'api.telegram.org' 

2018-01-18 14:41:28.4173 | Telegram.Request.TelegramRequest.GetUpdates | ERROR | Невозможно разрешить удаленное имя: 'api.telegram.org' 

2018-01-18 14:41:28.4293 | Telegram.Request.TelegramRequest.GetUpdates | ERROR | Невозможно разрешить удаленное имя: 'api.telegram.org' 

2018-01-18 14:41:28.4293 | Telegram.Request.TelegramRequest.GetUpdates | ERROR | Невозможно разрешить удаленное имя: 'api.telegram.org' 

2018-01-18 14:41:28.4293 | Telegram.Request.TelegramRequest.GetUpdates | ERROR | Невозможно разрешить удаленное имя: 'api.telegram.org' 

2018-01-18 14:41:28.4518 | Telegram.Request.TelegramRequest.GetUpdates | ERROR | Невозможно разрешить удаленное имя: 'api.telegram.org' 

2018-01-18 14:41:28.4573 | Telegram.Request.TelegramRequest.GetUpdates | ERROR | Невозможно разрешить удаленное имя: 'api.telegram.org' 

2018-01-18 14:41:28.4573 | Telegram.Request.TelegramRequest.GetUpdates | ERROR | Невозможно разрешить удаленное имя: 'api.telegram.org' 

2018-01-18 14:41:28.4573 | Telegram.Request.TelegramRequest.GetUpdates | ERROR | Невозможно разрешить удаленное имя: 'api.telegram.org' 

2018-01-18 14:41:28.4723 | Telegram.Request.TelegramRequest.GetUpdates | ERROR | Невозможно разрешить удаленное имя: 'api.telegram.org' 

2018-01-18 14:41:28.4723 | Telegram.Request.TelegramRequest.GetUpdates | ERROR | Невозможно разрешить удаленное имя: 'api.telegram.org' 

2018-01-18 14:41:28.4723 | Telegram.Request.TelegramRequest.GetUpdates | ERROR | Невозможно разрешить удаленное имя: 'api.telegram.org' 

2018-01-18 14:41:28.4913 | Telegram.Request.TelegramRequest.GetUpdates | ERROR | Невозможно разрешить удаленное имя: 'api.telegram.org' 

2018-01-18 14:41:28.4913 | Telegram.Request.TelegramRequest.GetUpdates | ERROR | Невозможно разрешить удаленное имя: 'api.telegram.org' 

2018-01-18 14:41:28.4913 | Telegram.Request.TelegramRequest.GetUpdates | ERROR | Невозможно разрешить удаленное имя: 'api.telegram.org' 

2018-01-18 14:41:28.5434 | Telegram.Request.TelegramRequest.GetUpdates | ERROR | Невозможно разрешить удаленное имя: 'api.telegram.org' 

2018-01-18 14:41:28.5514 | Telegram.Request.TelegramRequest.GetUpdates | ERROR | Невозможно разрешить удаленное имя: 'api.telegram.org' 

2018-01-18 14:41:28.5514 | Telegram.Request.TelegramRequest.GetUpdates | ERROR | Невозможно разрешить удаленное имя: 'api.telegram.org' 

2018-01-18 14:41:28.5514 | Telegram.Request.TelegramRequest.GetUpdates | ERROR | Невозможно разрешить удаленное имя: 'api.telegram.org' 

2018-01-18 14:41:28.5704 | Telegram.Request.TelegramRequest.GetUpdates | ERROR | Невозможно разрешить удаленное имя: 'api.telegram.org' 

2018-01-18 14:41:28.5704 | Telegram.Request.TelegramRequest.GetUpdates | ERROR | Невозможно разрешить удаленное имя: 'api.telegram.org' 

2018-01-18 14:41:28.5899 | Telegram.Request.TelegramRequest.GetUpdates | ERROR | Невозможно разрешить удаленное имя: 'api.telegram.org' 

2018-01-18 14:41:28.6094 | Telegram.Request.TelegramRequest.GetUpdates | ERROR | Невозможно разрешить удаленное имя: 'api.telegram.org' 

2018-01-18 14:41:28.6194 | Telegram.Request.TelegramRequest.GetUpdates | ERROR | Невозможно разрешить удаленное имя: 'api.telegram.org' 

2018-01-18 14:41:28.6635 | Telegram.Request.TelegramRequest.GetUpdates | ERROR | Невозможно разрешить удаленное имя: 'api.telegram.org' 

2018-01-18 14:41:28.6815 | Telegram.Request.TelegramRequest.GetUpdates | ERROR | Невозможно разрешить удаленное имя: 'api.telegram.org' 

2018-01-18 14:41:28.7135 | Telegram.Request.TelegramRequest.GetUpdates | ERROR | Невозможно разрешить удаленное имя: 'api.telegram.org' 

2018-01-18 14:41:28.7135 | Telegram.Request.TelegramRequest.GetUpdates | ERROR | Невозможно разрешить удаленное имя: 'api.telegram.org' 

2018-01-18 14:41:28.7295 | Telegram.Request.TelegramRequest.GetUpdates | ERROR | Невозможно разрешить удаленное имя: 'api.telegram.org' 

2018-01-18 14:41:28.7295 | Telegram.Request.TelegramRequest.GetUpdates | ERROR | Невозможно разрешить удаленное имя: 'api.telegram.org' 

2018-01-18 14:41:28.7405 | Telegram.Request.TelegramRequest.GetUpdates | ERROR | Невозможно разрешить удаленное имя: 'api.telegram.org' 

2018-01-18 14:41:28.7405 | Telegram.Request.TelegramRequest.GetUpdates | ERROR | Невозможно разрешить удаленное имя: 'api.telegram.org' 

2018-01-18 14:41:28.7405 | Telegram.Request.TelegramRequest.GetUpdates | ERROR | Невозможно разрешить удаленное имя: 'api.telegram.org' 

2018-01-18 14:41:28.7575 | Telegram.Request.TelegramRequest.GetUpdates | ERROR | Невозможно разрешить удаленное имя: 'api.telegram.org' 

2018-01-18 14:41:28.7575 | Telegram.Request.TelegramRequest.GetUpdates | ERROR | Невозможно разрешить удаленное имя: 'api.telegram.org' 

2018-01-18 14:41:28.7575 | Telegram.Request.TelegramRequest.GetUpdates | ERROR | Невозможно разрешить удаленное имя: 'api.telegram.org' 

2018-01-18 14:41:28.7735 | Telegram.Request.TelegramRequest.GetUpdates | ERROR | Невозможно разрешить удаленное имя: 'api.telegram.org' 

2018-01-18 14:41:28.7735 | Telegram.Request.TelegramRequest.GetUpdates | ERROR | Невозможно разрешить удаленное имя: 'api.telegram.org' 

2018-01-18 14:41:28.7735 | Telegram.Request.TelegramRequest.GetUpdates | ERROR | Невозможно разрешить удаленное имя: 'api.telegram.org' 

2018-01-18 14:41:28.7895 | Telegram.Request.TelegramRequest.GetUpdates | ERROR | Невозможно разрешить удаленное имя: 'api.telegram.org' 

2018-01-18 14:41:28.7895 | Telegram.Request.TelegramRequest.GetUpdates | ERROR | Невозможно разрешить удаленное имя: 'api.telegram.org' 

2018-01-18 14:41:28.7895 | Telegram.Request.TelegramRequest.GetUpdates | ERROR | Невозможно разрешить удаленное имя: 'api.telegram.org' 

2018-01-18 14:41:28.8035 | Telegram.Request.TelegramRequest.GetUpdates | ERROR | Невозможно разрешить удаленное имя: 'api.telegram.org' 

2018-01-18 14:41:28.8035 | Telegram.Request.TelegramRequest.GetUpdates | ERROR | Невозможно разрешить удаленное имя: 'api.telegram.org' 

2018-01-18 14:41:28.8035 | Telegram.Request.TelegramRequest.GetUpdates | ERROR | Невозможно разрешить удаленное имя: 'api.telegram.org' 

2018-01-18 14:41:28.8186 | Telegram.Request.TelegramRequest.GetUpdates | ERROR | Невозможно разрешить удаленное имя: 'api.telegram.org' 

2018-01-18 14:41:28.8186 | Telegram.Request.TelegramRequest.GetUpdates | ERROR | Невозможно разрешить удаленное имя: 'api.telegram.org' 

2018-01-18 14:41:28.8186 | Telegram.Request.TelegramRequest.GetUpdates | ERROR | Невозможно разрешить удаленное имя: 'api.telegram.org' 

2018-01-18 14:41:28.8336 | Telegram.Request.TelegramRequest.GetUpdates | ERROR | Невозможно разрешить удаленное имя: 'api.telegram.org' 

2018-01-18 14:41:28.8336 | Telegram.Request.TelegramRequest.GetUpdates | ERROR | Невозможно разрешить удаленное имя: 'api.telegram.org' 

2018-01-18 14:41:28.8336 | Telegram.Request.TelegramRequest.GetUpdates | TRACE | HTTP request number 8880 

2018-01-18 14:41:28.8476 | Telegram.Request.TelegramRequest.GetUpdates | ERROR | Невозможно разрешить удаленное имя: 'api.telegram.org' 

2018-01-18 14:41:28.8476 | Telegram.Request.TelegramRequest.GetUpdates | ERROR | Невозможно разрешить удаленное имя: 'api.telegram.org' 

2018-01-18 14:41:28.8476 | Telegram.Request.TelegramRequest.GetUpdates | ERROR | Невозможно разрешить удаленное имя: 'api.telegram.org' 

2018-01-18 14:41:28.8636 | Telegram.Request.TelegramRequest.GetUpdates | ERROR | Невозможно разрешить удаленное имя: 'api.telegram.org' 

2018-01-18 14:41:28.8636 | Telegram.Request.TelegramRequest.GetUpdates | ERROR | Невозможно разрешить удаленное имя: 'api.telegram.org' 

2018-01-18 14:41:28.8636 | Telegram.Request.TelegramRequest.GetUpdates | ERROR | Невозможно разрешить удаленное имя: 'api.telegram.org' 

2018-01-18 14:41:28.8836 | Telegram.Request.TelegramRequest.GetUpdates | ERROR | Невозможно разрешить удаленное имя: 'api.telegram.org' 

2018-01-18 14:41:28.8836 | Telegram.Request.TelegramRequest.GetUpdates | ERROR | Невозможно разрешить удаленное имя: 'api.telegram.org' 

2018-01-18 14:41:28.8836 | Telegram.Request.TelegramRequest.GetUpdates | ERROR | Невозможно разрешить удаленное имя: 'api.telegram.org' 

2018-01-18 14:41:28.8996 | Telegram.Request.TelegramRequest.GetUpdates | ERROR | Невозможно разрешить удаленное имя: 'api.telegram.org' 

2018-01-18 14:41:28.8996 | Telegram.Request.TelegramRequest.GetUpdates | ERROR | Невозможно разрешить удаленное имя: 'api.telegram.org' 

2018-01-18 14:41:28.9116 | Telegram.Request.TelegramRequest.GetUpdates | ERROR | Невозможно разрешить удаленное имя: 'api.telegram.org' 

2018-01-18 14:41:28.9116 | Telegram.Request.TelegramRequest.GetUpdates | ERROR | Невозможно разрешить удаленное имя: 'api.telegram.org' 

2018-01-18 14:41:28.9116 | Telegram.Request.TelegramRequest.GetUpdates | ERROR | Невозможно разрешить удаленное имя: 'api.telegram.org' 

2018-01-18 14:41:28.9276 | Telegram.Request.TelegramRequest.GetUpdates | ERROR | Невозможно разрешить удаленное имя: 'api.telegram.org' 

2018-01-18 14:41:28.9276 | Telegram.Request.TelegramRequest.GetUpdates | ERROR | Невозможно разрешить удаленное имя: 'api.telegram.org' 

2018-01-18 14:41:28.9276 | Telegram.Request.TelegramRequest.GetUpdates | ERROR | Невозможно разрешить удаленное имя: 'api.telegram.org' 

2018-01-18 14:41:28.9436 | Telegram.Request.TelegramRequest.GetUpdates | ERROR | Невозможно разрешить удаленное имя: 'api.telegram.org' 

2018-01-18 14:41:28.9436 | Telegram.Request.TelegramRequest.GetUpdates | ERROR | Невозможно разрешить удаленное имя: 'api.telegram.org' 

2018-01-18 14:41:28.9436 | Telegram.Request.TelegramRequest.GetUpdates | ERROR | Невозможно разрешить удаленное имя: 'api.telegram.org' 

2018-01-18 14:41:28.9576 | Telegram.Request.TelegramRequest.GetUpdates | ERROR | Невозможно разрешить удаленное имя: 'api.telegram.org' 

2018-01-18 14:41:28.9576 | Telegram.Request.TelegramRequest.GetUpdates | ERROR | Невозможно разрешить удаленное имя: 'api.telegram.org' 

2018-01-18 14:41:28.9576 | Telegram.Request.TelegramRequest.GetUpdates | ERROR | Невозможно разрешить удаленное имя: 'api.telegram.org' 

2018-01-18 14:41:28.9737 | Telegram.Request.TelegramRequest.GetUpdates | ERROR | Невозможно разрешить удаленное имя: 'api.telegram.org' 

2018-01-18 14:41:28.9737 | Telegram.Request.TelegramRequest.GetUpdates | ERROR | Невозможно разрешить удаленное имя: 'api.telegram.org' 

2018-01-18 14:41:28.9737 | Telegram.Request.TelegramRequest.GetUpdates | ERROR | Невозможно разрешить удаленное имя: 'api.telegram.org' 

2018-01-18 14:42:04.3800 | DeeBeeTeeAlphaBot.Program.Main | INFO | Запуск бота 

2018-01-18 14:42:04.4201 | DeeBeeTeeAlphaBot.Program.Main | INFO | Подключение к БД 

2018-01-18 14:42:05.0001 | DeeBeeTeeAlphaBot.Program.Main | INFO | Запуск пуллинга telegram API 

2018-01-18 14:43:35.5299 | Telegram.Request.TelegramRequest.GetUpdates | TRACE | HTTP request number 60 

2018-01-18 14:44:43.5591 | Telegram.Request.TelegramRequest.GetUpdates | TRACE | HTTP request number 120 

2018-01-18 14:45:49.3802 | Telegram.Request.TelegramRequest.GetUpdates | TRACE | HTTP request number 180 

2018-01-18 14:47:02.4865 | Telegram.Request.TelegramRequest.GetUpdates | TRACE | HTTP request number 240 

2018-01-18 14:48:08.6883 | Telegram.Request.TelegramRequest.GetUpdates | TRACE | HTTP request number 300 

2018-01-18 14:49:13.5229 | Telegram.Request.TelegramRequest.GetUpdates | TRACE | HTTP request number 360 

2018-01-18 14:50:22.4392 | Telegram.Request.TelegramRequest.GetUpdates | TRACE | HTTP request number 420 

2018-01-18 14:51:30.5993 | Telegram.Request.TelegramRequest.GetUpdates | TRACE | HTTP request number 480 

2018-01-18 15:04:47.1891 | DeeBeeTeeAlphaBot.Program.Main | INFO | Запуск бота 

2018-01-18 15:04:47.2293 | DeeBeeTeeAlphaBot.Program.Main | INFO | Подключение к БД 

2018-01-18 15:04:48.3033 | DeeBeeTeeAlphaBot.Program.Main | INFO | Запуск пуллинга telegram API 

2018-01-18 15:04:48.6588 | Telegram.Request.TelegramRequest.GetUpdates | DEBUG | New message event 

2018-01-18 15:04:48.6588 | DeeBeeTeeAlphaBot.Program.Tr_MessageText | DEBUG | New message: message_id:505 user_id:288805897 chat_id:-156558308 username:TretyakRoman name: Третьяк Роман date: 1516277055 message:'/t @TretyakRoman 445 @Infom  @TretyakRoman @Sergeiaf' 

2018-01-18 15:04:49.0859 | DeeBeeTeeAlphaBot.Program.Tr_MessageText | INFO | Получение команды /t 

2018-01-18 15:04:49.1009 | DeeBeeTeeDB.DBAPI.Command_transaction | DEBUG | Начала парсинга транзакции в строке '@TretyakRoman 445 @Infom  @TretyakRoman @Sergeiaf' 

2018-01-18 15:04:49.1009 | DeeBeeTeeDB.DBAPI.Command_transaction | DEBUG | Пользователь from 'TretyakRoman' 

2018-01-18 15:04:49.1149 | DeeBeeTeeDB.DBAPI.Command_transaction | DEBUG | Сумма '445' 

2018-01-18 15:04:49.1149 | DeeBeeTeeDB.DBAPI.Command_transaction | DEBUG | Обнаружена мультитранзакция, поиск пользователей в подстроке '@Infom  @TretyakRoman @Sergeiaf  

2018-01-18 15:04:49.1269 | DeeBeeTeeDB.DBAPI.Command_transaction | TRACE | add user  'Infom' 

2018-01-18 15:04:49.1269 | DeeBeeTeeDB.DBAPI.Command_transaction | TRACE | add user  'TretyakRoman' 

2018-01-18 15:04:49.1269 | DeeBeeTeeDB.DBAPI.Command_transaction | TRACE | add user  'Sergeiaf' 

2018-01-18 15:04:49.1429 | DeeBeeTeeDB.DBAPI.Command_transaction | TRACE | Количество пользователей to в мультитранзакции 3, сам пользователь True 

2018-01-18 15:04:49.1429 | DeeBeeTeeDB.DBAPI.Command_transaction | DEBUG | Поиск пользователя 'TretyakRoman' 

2018-01-18 15:04:49.1429 | DeeBeeTeeDB.DBAPI.SearchUser | TRACE | UserSearchSQL: SELECT uid, [user], assign_date, limit, user_id from dbo.[users] where [user] = 'TretyakRoman' 

2018-01-18 15:04:49.2293 | DeeBeeTeeDB.DBAPI.Command_transaction | DEBUG | Пользователь номер '0' to 'Infom' 

2018-01-18 15:04:49.2373 | DeeBeeTeeDB.DBAPI.Command_transaction | DEBUG | Поиск пользователя 'Infom' 

2018-01-18 15:04:49.2373 | DeeBeeTeeDB.DBAPI.SearchUser | TRACE | UserSearchSQL: SELECT uid, [user], assign_date, limit, user_id from dbo.[users] where [user] = 'Infom' 

2018-01-18 15:04:49.3280 | DeeBeeTeeDB.DBAPI.Command_transaction | DEBUG | Пользователь номер '1' to 'TretyakRoman' 

2018-01-18 15:04:49.3330 | DeeBeeTeeDB.DBAPI.Command_transaction | DEBUG | Поиск пользователя 'TretyakRoman' 

2018-01-18 15:04:49.3330 | DeeBeeTeeDB.DBAPI.SearchUser | TRACE | UserSearchSQL: SELECT uid, [user], assign_date, limit, user_id from dbo.[users] where [user] = 'TretyakRoman' 

2018-01-18 15:04:49.4312 | DeeBeeTeeDB.DBAPI.Command_transaction | DEBUG | Пользователь номер '2' to 'Sergeiaf' 

2018-01-18 15:04:49.4392 | DeeBeeTeeDB.DBAPI.Command_transaction | DEBUG | Поиск пользователя 'Sergeiaf' 

2018-01-18 15:04:49.4392 | DeeBeeTeeDB.DBAPI.SearchUser | TRACE | UserSearchSQL: SELECT uid, [user], assign_date, limit, user_id from dbo.[users] where [user] = 'Sergeiaf' 

2018-01-18 15:04:49.5362 | DeeBeeTeeDB.DBAPI.Command_balance | DEBUG | Поиск пользователя 'TretyakRoman' 

2018-01-18 15:04:49.5362 | DeeBeeTeeDB.DBAPI.SearchUser | TRACE | UserSearchSQL: SELECT uid, [user], assign_date, limit, user_id from dbo.[users] where [user] = 'TretyakRoman' 

2018-01-18 15:04:49.6383 | DeeBeeTeeDB.DBAPI.GetUserBalance | TRACE | GetUserBalanceSQL: SELECT ISNULL((select SUM(amount) from dbo.[transactions] WHERE [from_user] = 'TretyakRoman'),0) - ISNULL((select SUM(amount) from dbo.[transactions] WHERE [to_user] = 'TretyakRoman'), 0) as Bal  

2018-01-18 15:04:49.7210 | DeeBeeTeeDB.DBAPI.Command_balance | INFO | Возврат результата команды balance с сообщением Баланс пользователя @TretyakRoman составляет -378,00 

2018-01-18 15:04:49.7210 | DeeBeeTeeDB.DBAPI.Command_transaction | DEBUG | Выполнение в SQL транзакции from:TretyakRoman amount:148 to:Infom 

2018-01-18 15:04:49.7383 | DeeBeeTeeDB.DBAPI.NewTransaction | TRACE | NewTransactionSQLParam: INSERT INTO [dbo].[transactions] ([from_user] ,[amount] ,[to_user] ,[operation_date] ,[oid]) VALUES ('TretyakRoman' ,148 ,'Infom' ,getdate() ,0) SELECT top 1 tid FROM [dbo].[transactions] order by [operation_date] DESC 

2018-01-18 15:04:49.8365 | DeeBeeTeeDB.DBAPI.SearchUser | TRACE | UserSearchSQL: SELECT uid, [user], assign_date, limit, user_id from dbo.[users] where [user] = 'Infom' 

2018-01-18 15:04:49.9210 | DeeBeeTeeAlphaBot.Program.RegisterTransaction | INFO | Отправка сообщения пользователю о новой транзакции в личный чат 

2018-01-18 15:04:50.1238 | DeeBeeTeeDB.DBAPI.Command_balance | DEBUG | Поиск пользователя 'Infom' 

2018-01-18 15:04:50.1328 | DeeBeeTeeDB.DBAPI.SearchUser | TRACE | UserSearchSQL: SELECT uid, [user], assign_date, limit, user_id from dbo.[users] where [user] = 'Infom' 

2018-01-18 15:04:50.2155 | DeeBeeTeeDB.DBAPI.GetUserBalance | TRACE | GetUserBalanceSQL: SELECT ISNULL((select SUM(amount) from dbo.[transactions] WHERE [from_user] = 'Infom'),0) - ISNULL((select SUM(amount) from dbo.[transactions] WHERE [to_user] = 'Infom'), 0) as Bal  

2018-01-18 15:04:50.2979 | DeeBeeTeeDB.DBAPI.Command_balance | INFO | Возврат результата команды balance с сообщением Баланс пользователя @Infom составляет 436,00 

2018-01-18 15:04:50.2979 | DeeBeeTeeDB.DBAPI.Command_transaction | DEBUG | Выполнение в SQL транзакции from:TretyakRoman amount:149 to:Sergeiaf 

2018-01-18 15:04:50.2979 | DeeBeeTeeDB.DBAPI.NewTransaction | TRACE | NewTransactionSQLParam: INSERT INTO [dbo].[transactions] ([from_user] ,[amount] ,[to_user] ,[operation_date] ,[oid]) VALUES ('TretyakRoman' ,149 ,'Sergeiaf' ,getdate() ,0) SELECT top 1 tid FROM [dbo].[transactions] order by [operation_date] DESC 

2018-01-18 15:04:50.4049 | DeeBeeTeeDB.DBAPI.SearchUser | TRACE | UserSearchSQL: SELECT uid, [user], assign_date, limit, user_id from dbo.[users] where [user] = 'Sergeiaf' 

2018-01-18 15:04:50.4830 | DeeBeeTeeAlphaBot.Program.RegisterTransaction | INFO | Отправка сообщения пользователю о новой транзакции в личный чат 

2018-01-18 15:04:50.6865 | DeeBeeTeeDB.DBAPI.Command_balance | DEBUG | Поиск пользователя 'Sergeiaf' 

2018-01-18 15:04:50.6955 | DeeBeeTeeDB.DBAPI.SearchUser | TRACE | UserSearchSQL: SELECT uid, [user], assign_date, limit, user_id from dbo.[users] where [user] = 'Sergeiaf' 

2018-01-18 15:04:50.7775 | DeeBeeTeeDB.DBAPI.GetUserBalance | TRACE | GetUserBalanceSQL: SELECT ISNULL((select SUM(amount) from dbo.[transactions] WHERE [from_user] = 'Sergeiaf'),0) - ISNULL((select SUM(amount) from dbo.[transactions] WHERE [to_user] = 'Sergeiaf'), 0) as Bal  

2018-01-18 15:04:50.8604 | DeeBeeTeeDB.DBAPI.Command_balance | INFO | Возврат результата команды balance с сообщением Баланс пользователя @Sergeiaf составляет 375,00 

2018-01-18 15:04:50.8604 | DeeBeeTeeDB.DBAPI.Command_transaction | INFO | Возврат результата команды transaction с сообщением Обнаружена команда мультитранзакции, будет добавлено несколько транзакция с делением суммы на целые части
Транзакция 71 успешно добавлена
Транзакция 72 успешно добавлена
Баланс пользователя @TretyakRoman составляет -378,00
Баланс пользователя @Infom составляет 436,00
Баланс пользователя @Sergeiaf составляет 375,00
 

2018-01-18 15:04:51.0442 | DeeBeeTeeDB.DBAPI.UpdateChat | TRACE | Chat update 

2018-01-18 15:04:51.0527 | DeeBeeTeeDB.DBAPI.UpdateChat | TRACE | ChatUpdateSQL: INSERT INTO [dbo].[chats] ([chat_id],[type],[title],[username]) SELECT -156558308 ,'group' ,'ОФФшор', 'TretyakRoman' WHERE NOT EXISTS (SELECT NULL FROM [dbo].[chats] WHERE [chat_id] = -156558308) 

2018-01-18 15:04:51.1365 | DeeBeeTeeDB.DBAPI.UpdateChat | TRACE | Chat users update 

2018-01-18 15:04:51.1420 | DeeBeeTeeDB.DBAPI.UpdateChat | TRACE | ChatUsersUpdateSQL: INSERT INTO [dbo].[chatusers] ([chat_id],[user_id],[date_reg]) SELECT -156558308 , 288805897, getdate() WHERE NOT EXISTS (SELECT NULL FROM [dbo].[chatusers] WHERE [chat_id] = -156558308 AND [user_id] = 288805897) 

2018-01-18 15:05:54.0690 | Telegram.Request.TelegramRequest.GetUpdates | TRACE | HTTP request number 60 

2018-01-18 15:06:58.5539 | Telegram.Request.TelegramRequest.GetUpdates | TRACE | HTTP request number 120 

2018-01-18 15:08:03.2578 | Telegram.Request.TelegramRequest.GetUpdates | TRACE | HTTP request number 180 

2018-01-18 15:09:12.0066 | Telegram.Request.TelegramRequest.GetUpdates | TRACE | HTTP request number 240 

2018-01-18 15:10:18.2333 | Telegram.Request.TelegramRequest.GetUpdates | TRACE | HTTP request number 300 

2018-01-18 15:11:31.6188 | Telegram.Request.TelegramRequest.GetUpdates | TRACE | HTTP request number 360 

2018-01-18 15:12:40.6334 | Telegram.Request.TelegramRequest.GetUpdates | TRACE | HTTP request number 420 

2018-01-18 15:13:44.9675 | Telegram.Request.TelegramRequest.GetUpdates | TRACE | HTTP request number 480 

2018-01-18 15:14:49.7143 | Telegram.Request.TelegramRequest.GetUpdates | TRACE | HTTP request number 540 

2018-01-18 15:15:55.0356 | Telegram.Request.TelegramRequest.GetUpdates | TRACE | HTTP request number 600 

2018-01-18 15:16:59.5129 | Telegram.Request.TelegramRequest.GetUpdates | TRACE | HTTP request number 660 

2018-01-18 15:18:04.0086 | Telegram.Request.TelegramRequest.GetUpdates | TRACE | HTTP request number 720 

2018-01-18 15:19:09.3984 | Telegram.Request.TelegramRequest.GetUpdates | TRACE | HTTP request number 780 

2018-01-18 15:20:15.1542 | Telegram.Request.TelegramRequest.GetUpdates | TRACE | HTTP request number 840 

2018-01-18 15:21:21.6329 | Telegram.Request.TelegramRequest.GetUpdates | TRACE | HTTP request number 900 

2018-01-18 15:22:29.0680 | Telegram.Request.TelegramRequest.GetUpdates | TRACE | HTTP request number 960 

2018-01-18 15:23:35.4241 | Telegram.Request.TelegramRequest.GetUpdates | TRACE | HTTP request number 1020 

2018-01-18 15:24:41.5025 | Telegram.Request.TelegramRequest.GetUpdates | TRACE | HTTP request number 1080 

2018-01-18 15:25:48.3888 | Telegram.Request.TelegramRequest.GetUpdates | TRACE | HTTP request number 1140 

2018-01-18 15:26:59.5035 | Telegram.Request.TelegramRequest.GetUpdates | TRACE | HTTP request number 1200 

2018-01-18 15:28:03.8403 | Telegram.Request.TelegramRequest.GetUpdates | TRACE | HTTP request number 1260 

2018-01-18 15:29:08.3624 | Telegram.Request.TelegramRequest.GetUpdates | TRACE | HTTP request number 1320 

2018-01-18 15:30:13.8184 | Telegram.Request.TelegramRequest.GetUpdates | TRACE | HTTP request number 1380 

2018-01-18 15:31:18.4122 | Telegram.Request.TelegramRequest.GetUpdates | TRACE | HTTP request number 1440 

2018-01-18 15:32:23.0160 | Telegram.Request.TelegramRequest.GetUpdates | TRACE | HTTP request number 1500 

2018-01-18 15:33:28.3864 | Telegram.Request.TelegramRequest.GetUpdates | TRACE | HTTP request number 1560 

2018-01-18 15:34:35.3903 | Telegram.Request.TelegramRequest.GetUpdates | TRACE | HTTP request number 1620 

2018-01-18 15:35:41.0238 | Telegram.Request.TelegramRequest.GetUpdates | TRACE | HTTP request number 1680 

2018-01-18 15:36:46.6722 | Telegram.Request.TelegramRequest.GetUpdates | TRACE | HTTP request number 1740 

2018-01-18 15:37:51.4196 | Telegram.Request.TelegramRequest.GetUpdates | TRACE | HTTP request number 1800 

2018-01-18 15:38:56.9069 | Telegram.Request.TelegramRequest.GetUpdates | TRACE | HTTP request number 1860 

2018-01-18 15:40:01.7607 | Telegram.Request.TelegramRequest.GetUpdates | TRACE | HTTP request number 1920 

2018-01-18 15:41:13.1064 | Telegram.Request.TelegramRequest.GetUpdates | TRACE | HTTP request number 1980 

2018-01-18 15:42:20.1622 | Telegram.Request.TelegramRequest.GetUpdates | TRACE | HTTP request number 2040 

2018-01-18 15:43:34.2595 | Telegram.Request.TelegramRequest.GetUpdates | TRACE | HTTP request number 2100 

2018-01-18 15:44:39.0084 | Telegram.Request.TelegramRequest.GetUpdates | TRACE | HTTP request number 2160 

2018-01-18 15:45:43.8405 | Telegram.Request.TelegramRequest.GetUpdates | TRACE | HTTP request number 2220 

2018-01-18 15:46:48.1804 | Telegram.Request.TelegramRequest.GetUpdates | TRACE | HTTP request number 2280 

2018-01-18 15:47:56.1576 | Telegram.Request.TelegramRequest.GetUpdates | TRACE | HTTP request number 2340 

2018-01-18 15:49:00.7733 | Telegram.Request.TelegramRequest.GetUpdates | TRACE | HTTP request number 2400 

2018-01-18 15:50:05.1594 | Telegram.Request.TelegramRequest.GetUpdates | TRACE | HTTP request number 2460 

2018-01-18 15:51:13.2492 | Telegram.Request.TelegramRequest.GetUpdates | TRACE | HTTP request number 2520 

2018-01-18 15:52:18.7801 | Telegram.Request.TelegramRequest.GetUpdates | TRACE | HTTP request number 2580 

2018-01-18 15:53:23.3740 | Telegram.Request.TelegramRequest.GetUpdates | TRACE | HTTP request number 2640 

2018-01-18 15:54:30.9048 | Telegram.Request.TelegramRequest.GetUpdates | TRACE | HTTP request number 2700 

2018-01-18 15:55:35.3210 | Telegram.Request.TelegramRequest.GetUpdates | TRACE | HTTP request number 2760 

2018-01-18 15:56:44.0157 | Telegram.Request.TelegramRequest.GetUpdates | TRACE | HTTP request number 2820 

2018-01-18 15:57:50.5072 | Telegram.Request.TelegramRequest.GetUpdates | TRACE | HTTP request number 2880 

2018-01-18 15:58:58.5744 | Telegram.Request.TelegramRequest.GetUpdates | TRACE | HTTP request number 2940 

2018-01-18 16:00:04.5058 | Telegram.Request.TelegramRequest.GetUpdates | TRACE | HTTP request number 3000 

2018-01-18 16:01:15.1587 | Telegram.Request.TelegramRequest.GetUpdates | TRACE | HTTP request number 3060 

2018-01-18 16:02:20.6774 | Telegram.Request.TelegramRequest.GetUpdates | TRACE | HTTP request number 3120 

2018-01-18 16:03:27.0705 | Telegram.Request.TelegramRequest.GetUpdates | TRACE | HTTP request number 3180 

2018-01-18 16:04:31.8658 | Telegram.Request.TelegramRequest.GetUpdates | TRACE | HTTP request number 3240 

2018-01-18 16:05:36.9193 | Telegram.Request.TelegramRequest.GetUpdates | TRACE | HTTP request number 3300 

2018-01-18 16:06:41.6720 | Telegram.Request.TelegramRequest.GetUpdates | TRACE | HTTP request number 3360 

2018-01-18 16:07:46.4299 | Telegram.Request.TelegramRequest.GetUpdates | TRACE | HTTP request number 3420 

2018-01-18 16:08:50.9317 | Telegram.Request.TelegramRequest.GetUpdates | TRACE | HTTP request number 3480 

2018-01-18 16:09:55.5682 | Telegram.Request.TelegramRequest.GetUpdates | TRACE | HTTP request number 3540 

2018-01-18 16:11:00.0749 | Telegram.Request.TelegramRequest.GetUpdates | TRACE | HTTP request number 3600 

2018-01-18 16:12:04.5010 | Telegram.Request.TelegramRequest.GetUpdates | TRACE | HTTP request number 3660 

2018-01-18 16:13:08.9807 | Telegram.Request.TelegramRequest.GetUpdates | TRACE | HTTP request number 3720 

2018-01-18 16:14:13.4013 | Telegram.Request.TelegramRequest.GetUpdates | TRACE | HTTP request number 3780 

2018-01-18 16:15:18.2888 | Telegram.Request.TelegramRequest.GetUpdates | TRACE | HTTP request number 3840 

2018-01-18 16:16:23.0964 | Telegram.Request.TelegramRequest.GetUpdates | TRACE | HTTP request number 3900 

2018-01-18 16:17:28.8332 | Telegram.Request.TelegramRequest.GetUpdates | TRACE | HTTP request number 3960 

2018-01-18 16:18:33.5742 | Telegram.Request.TelegramRequest.GetUpdates | TRACE | HTTP request number 4020 

2018-01-18 16:19:38.8856 | Telegram.Request.TelegramRequest.GetUpdates | TRACE | HTTP request number 4080 

2018-01-18 16:20:44.5885 | Telegram.Request.TelegramRequest.GetUpdates | TRACE | HTTP request number 4140 

2018-01-18 16:21:49.0869 | Telegram.Request.TelegramRequest.GetUpdates | TRACE | HTTP request number 4200 

2018-01-18 16:22:53.4203 | Telegram.Request.TelegramRequest.GetUpdates | TRACE | HTTP request number 4260 

2018-01-18 16:23:57.9656 | Telegram.Request.TelegramRequest.GetUpdates | TRACE | HTTP request number 4320 

2018-01-18 16:25:02.2789 | Telegram.Request.TelegramRequest.GetUpdates | TRACE | HTTP request number 4380 

2018-01-18 16:26:07.3365 | Telegram.Request.TelegramRequest.GetUpdates | TRACE | HTTP request number 4440 

2018-01-18 16:27:12.3742 | Telegram.Request.TelegramRequest.GetUpdates | TRACE | HTTP request number 4500 

2018-01-18 16:28:20.1236 | Telegram.Request.TelegramRequest.GetUpdates | TRACE | HTTP request number 4560 

2018-01-18 16:29:25.5988 | Telegram.Request.TelegramRequest.GetUpdates | TRACE | HTTP request number 4620 

2018-01-18 16:30:31.3706 | Telegram.Request.TelegramRequest.GetUpdates | TRACE | HTTP request number 4680 

2018-01-18 16:31:39.7728 | Telegram.Request.TelegramRequest.GetUpdates | TRACE | HTTP request number 4740 

2018-01-18 16:32:46.0106 | Telegram.Request.TelegramRequest.GetUpdates | TRACE | HTTP request number 4800 

2018-01-18 16:33:53.7751 | Telegram.Request.TelegramRequest.GetUpdates | TRACE | HTTP request number 4860 

2018-01-18 16:35:05.0119 | Telegram.Request.TelegramRequest.GetUpdates | TRACE | HTTP request number 4920 

2018-01-18 16:36:12.9514 | Telegram.Request.TelegramRequest.GetUpdates | TRACE | HTTP request number 4980 

2018-01-18 16:37:17.9791 | Telegram.Request.TelegramRequest.GetUpdates | TRACE | HTTP request number 5040 

2018-01-18 16:38:22.5874 | Telegram.Request.TelegramRequest.GetUpdates | TRACE | HTTP request number 5100 

2018-01-18 16:39:28.6005 | Telegram.Request.TelegramRequest.GetUpdates | TRACE | HTTP request number 5160 

2018-01-18 16:40:36.8657 | Telegram.Request.TelegramRequest.GetUpdates | TRACE | HTTP request number 5220 

2018-01-18 16:41:43.2824 | Telegram.Request.TelegramRequest.GetUpdates | TRACE | HTTP request number 5280 

2018-01-18 16:42:49.9112 | Telegram.Request.TelegramRequest.GetUpdates | TRACE | HTTP request number 5340 

2018-01-18 16:43:59.3076 | Telegram.Request.TelegramRequest.GetUpdates | TRACE | HTTP request number 5400 

2018-01-18 16:45:04.0322 | Telegram.Request.TelegramRequest.GetUpdates | TRACE | HTTP request number 5460 

2018-01-18 16:46:11.1733 | Telegram.Request.TelegramRequest.GetUpdates | TRACE | HTTP request number 5520 

2018-01-18 16:47:16.0902 | Telegram.Request.TelegramRequest.GetUpdates | TRACE | HTTP request number 5580 

2018-01-18 16:48:22.5354 | Telegram.Request.TelegramRequest.GetUpdates | TRACE | HTTP request number 5640 

2018-01-18 16:49:27.0511 | Telegram.Request.TelegramRequest.GetUpdates | TRACE | HTTP request number 5700 

2018-01-18 16:50:33.5772 | Telegram.Request.TelegramRequest.GetUpdates | TRACE | HTTP request number 5760 

2018-01-18 16:51:40.8825 | Telegram.Request.TelegramRequest.GetUpdates | TRACE | HTTP request number 5820 

2018-01-18 16:52:45.5813 | Telegram.Request.TelegramRequest.GetUpdates | TRACE | HTTP request number 5880 

2018-01-18 16:53:50.2938 | Telegram.Request.TelegramRequest.GetUpdates | TRACE | HTTP request number 5940 

2018-01-18 16:54:57.6972 | Telegram.Request.TelegramRequest.GetUpdates | TRACE | HTTP request number 6000 

2018-01-18 16:56:03.2677 | Telegram.Request.TelegramRequest.GetUpdates | TRACE | HTTP request number 6060 

2018-01-18 16:57:08.2187 | Telegram.Request.TelegramRequest.GetUpdates | TRACE | HTTP request number 6120 

2018-01-18 16:58:14.7326 | Telegram.Request.TelegramRequest.GetUpdates | TRACE | HTTP request number 6180 

2018-01-18 16:59:20.4554 | Telegram.Request.TelegramRequest.GetUpdates | TRACE | HTTP request number 6240 

2018-01-18 17:00:24.9726 | Telegram.Request.TelegramRequest.GetUpdates | TRACE | HTTP request number 6300 

2018-01-18 17:01:30.6100 | Telegram.Request.TelegramRequest.GetUpdates | TRACE | HTTP request number 6360 

2018-01-18 17:02:35.6915 | Telegram.Request.TelegramRequest.GetUpdates | TRACE | HTTP request number 6420 

2018-01-18 17:03:40.1202 | Telegram.Request.TelegramRequest.GetUpdates | TRACE | HTTP request number 6480 

2018-01-18 17:04:45.4753 | Telegram.Request.TelegramRequest.GetUpdates | TRACE | HTTP request number 6540 

2018-01-18 17:05:50.2773 | Telegram.Request.TelegramRequest.GetUpdates | TRACE | HTTP request number 6600 

2018-01-18 17:06:58.0070 | Telegram.Request.TelegramRequest.GetUpdates | TRACE | HTTP request number 6660 

2018-01-18 17:08:10.4281 | Telegram.Request.TelegramRequest.GetUpdates | TRACE | HTTP request number 6720 

2018-01-18 17:09:19.4336 | Telegram.Request.TelegramRequest.GetUpdates | TRACE | HTTP request number 6780 

2018-01-18 17:10:27.7000 | Telegram.Request.TelegramRequest.GetUpdates | TRACE | HTTP request number 6840 

2018-01-18 17:11:32.2319 | Telegram.Request.TelegramRequest.GetUpdates | TRACE | HTTP request number 6900 

2018-01-18 17:12:39.1403 | Telegram.Request.TelegramRequest.GetUpdates | TRACE | HTTP request number 6960 

2018-01-18 17:13:46.3281 | Telegram.Request.TelegramRequest.GetUpdates | TRACE | HTTP request number 7020 

2018-01-18 17:14:52.5368 | Telegram.Request.TelegramRequest.GetUpdates | TRACE | HTTP request number 7080 

2018-01-18 17:15:57.8921 | Telegram.Request.TelegramRequest.GetUpdates | TRACE | HTTP request number 7140 

2018-01-18 17:17:09.6213 | Telegram.Request.TelegramRequest.GetUpdates | TRACE | HTTP request number 7200 

2018-01-18 17:18:17.3505 | Telegram.Request.TelegramRequest.GetUpdates | TRACE | HTTP request number 7260 

2018-01-18 17:19:26.9870 | Telegram.Request.TelegramRequest.GetUpdates | TRACE | HTTP request number 7320 

2018-01-18 17:20:32.5945 | Telegram.Request.TelegramRequest.GetUpdates | TRACE | HTTP request number 7380 

2018-01-18 17:21:39.9985 | Telegram.Request.TelegramRequest.GetUpdates | TRACE | HTTP request number 7440 

2018-01-18 17:22:48.8737 | Telegram.Request.TelegramRequest.GetUpdates | TRACE | HTTP request number 7500 

2018-01-18 17:23:57.2210 | Telegram.Request.TelegramRequest.GetUpdates | TRACE | HTTP request number 7560 

2018-01-18 17:25:04.2027 | Telegram.Request.TelegramRequest.GetUpdates | TRACE | HTTP request number 7620 

2018-01-18 17:26:09.9693 | Telegram.Request.TelegramRequest.GetUpdates | TRACE | HTTP request number 7680 

2018-01-18 17:27:20.8891 | Telegram.Request.TelegramRequest.GetUpdates | TRACE | HTTP request number 7740 

2018-01-18 17:28:27.2051 | Telegram.Request.TelegramRequest.GetUpdates | TRACE | HTTP request number 7800 

2018-01-18 17:29:34.2320 | Telegram.Request.TelegramRequest.GetUpdates | TRACE | HTTP request number 7860 

2018-01-18 17:30:42.4909 | Telegram.Request.TelegramRequest.GetUpdates | TRACE | HTTP request number 7920 

2018-01-18 17:31:47.9267 | Telegram.Request.TelegramRequest.GetUpdates | TRACE | HTTP request number 7980 

2018-01-18 17:32:57.3605 | Telegram.Request.TelegramRequest.GetUpdates | TRACE | HTTP request number 8040 

2018-01-18 17:34:04.2153 | Telegram.Request.TelegramRequest.GetUpdates | TRACE | HTTP request number 8100 

2018-01-18 17:35:08.6058 | Telegram.Request.TelegramRequest.GetUpdates | TRACE | HTTP request number 8160 

2018-01-18 17:36:16.0775 | Telegram.Request.TelegramRequest.GetUpdates | TRACE | HTTP request number 8220 

2018-01-18 17:37:21.2059 | Telegram.Request.TelegramRequest.GetUpdates | TRACE | HTTP request number 8280 

2018-01-18 17:38:29.2875 | Telegram.Request.TelegramRequest.GetUpdates | TRACE | HTTP request number 8340 

2018-01-18 17:39:35.7488 | Telegram.Request.TelegramRequest.GetUpdates | TRACE | HTTP request number 8400 

2018-01-18 17:40:44.3660 | Telegram.Request.TelegramRequest.GetUpdates | TRACE | HTTP request number 8460 

2018-01-18 17:41:50.3398 | Telegram.Request.TelegramRequest.GetUpdates | TRACE | HTTP request number 8520 

2018-01-18 17:42:58.1970 | Telegram.Request.TelegramRequest.GetUpdates | TRACE | HTTP request number 8580 

2018-01-18 17:44:05.2615 | Telegram.Request.TelegramRequest.GetUpdates | TRACE | HTTP request number 8640 

2018-01-18 17:45:11.4497 | Telegram.Request.TelegramRequest.GetUpdates | TRACE | HTTP request number 8700 

2018-01-18 17:46:16.6184 | Telegram.Request.TelegramRequest.GetUpdates | TRACE | HTTP request number 8760 

2018-01-18 17:47:22.7333 | Telegram.Request.TelegramRequest.GetUpdates | TRACE | HTTP request number 8820 

2018-01-18 17:48:31.7147 | Telegram.Request.TelegramRequest.GetUpdates | TRACE | HTTP request number 8880 

2018-01-18 17:49:36.7584 | Telegram.Request.TelegramRequest.GetUpdates | TRACE | HTTP request number 8940 

2018-01-18 17:50:43.2007 | Telegram.Request.TelegramRequest.GetUpdates | TRACE | HTTP request number 9000 

2018-01-18 17:51:47.6360 | Telegram.Request.TelegramRequest.GetUpdates | TRACE | HTTP request number 9060 

2018-01-18 17:52:53.3951 | Telegram.Request.TelegramRequest.GetUpdates | TRACE | HTTP request number 9120 

2018-01-18 17:54:03.0815 | Telegram.Request.TelegramRequest.GetUpdates | TRACE | HTTP request number 9180 

2018-01-18 17:55:10.3568 | Telegram.Request.TelegramRequest.GetUpdates | TRACE | HTTP request number 9240 

2018-01-18 17:56:14.8586 | Telegram.Request.TelegramRequest.GetUpdates | TRACE | HTTP request number 9300 

2018-01-18 17:57:19.1938 | Telegram.Request.TelegramRequest.GetUpdates | TRACE | HTTP request number 9360 

2018-01-18 17:58:23.6503 | Telegram.Request.TelegramRequest.GetUpdates | TRACE | HTTP request number 9420 

2018-01-18 17:59:27.9835 | Telegram.Request.TelegramRequest.GetUpdates | TRACE | HTTP request number 9480 

2018-01-18 18:00:32.9310 | Telegram.Request.TelegramRequest.GetUpdates | TRACE | HTTP request number 9540 

2018-01-18 18:01:42.3093 | Telegram.Request.TelegramRequest.GetUpdates | TRACE | HTTP request number 9600 

2018-01-18 18:02:46.6087 | Telegram.Request.TelegramRequest.GetUpdates | TRACE | HTTP request number 9660 

2018-01-18 18:03:53.3692 | Telegram.Request.TelegramRequest.GetUpdates | TRACE | HTTP request number 9720 

2018-01-18 18:05:00.6688 | Telegram.Request.TelegramRequest.GetUpdates | TRACE | HTTP request number 9780 

2018-01-18 18:06:05.8673 | Telegram.Request.TelegramRequest.GetUpdates | TRACE | HTTP request number 9840 

2018-01-18 18:07:12.1809 | Telegram.Request.TelegramRequest.GetUpdates | TRACE | HTTP request number 9900 

2018-01-18 18:08:16.5709 | Telegram.Request.TelegramRequest.GetUpdates | TRACE | HTTP request number 9960 

2018-01-18 18:09:22.8130 | Telegram.Request.TelegramRequest.GetUpdates | TRACE | HTTP request number 10020 

2018-01-18 18:10:27.1298 | Telegram.Request.TelegramRequest.GetUpdates | TRACE | HTTP request number 10080 

2018-01-18 18:11:35.7785 | Telegram.Request.TelegramRequest.GetUpdates | TRACE | HTTP request number 10140 

2018-01-18 18:12:42.3269 | Telegram.Request.TelegramRequest.GetUpdates | TRACE | HTTP request number 10200 

2018-01-18 18:13:47.6457 | Telegram.Request.TelegramRequest.GetUpdates | TRACE | HTTP request number 10260 

2018-01-18 18:14:52.6470 | Telegram.Request.TelegramRequest.GetUpdates | TRACE | HTTP request number 10320 

2018-01-18 18:15:57.3796 | Telegram.Request.TelegramRequest.GetUpdates | TRACE | HTTP request number 10380 

2018-01-18 18:17:04.5641 | Telegram.Request.TelegramRequest.GetUpdates | TRACE | HTTP request number 10440 

2018-01-18 18:18:11.0776 | Telegram.Request.TelegramRequest.GetUpdates | TRACE | HTTP request number 10500 

2018-01-18 18:19:16.7641 | Telegram.Request.TelegramRequest.GetUpdates | TRACE | HTTP request number 10560 

2018-01-18 18:20:21.7028 | Telegram.Request.TelegramRequest.GetUpdates | TRACE | HTTP request number 10620 

2018-01-18 18:21:34.2541 | Telegram.Request.TelegramRequest.GetUpdates | TRACE | HTTP request number 10680 

2018-01-18 18:22:39.5634 | Telegram.Request.TelegramRequest.GetUpdates | TRACE | HTTP request number 10740 

2018-01-18 18:23:48.1041 | Telegram.Request.TelegramRequest.GetUpdates | TRACE | HTTP request number 10800 

2018-01-18 18:24:53.9050 | Telegram.Request.TelegramRequest.GetUpdates | TRACE | HTTP request number 10860 

2018-01-18 18:25:59.7083 | Telegram.Request.TelegramRequest.GetUpdates | TRACE | HTTP request number 10920 

2018-01-18 18:27:05.7184 | Telegram.Request.TelegramRequest.GetUpdates | TRACE | HTTP request number 10980 

2018-01-18 18:28:14.0491 | Telegram.Request.TelegramRequest.GetUpdates | TRACE | HTTP request number 11040 

2018-01-18 18:29:19.3181 | Telegram.Request.TelegramRequest.GetUpdates | TRACE | HTTP request number 11100 

2018-01-18 18:30:24.0119 | Telegram.Request.TelegramRequest.GetUpdates | TRACE | HTTP request number 11160 

2018-01-18 18:31:37.0183 | Telegram.Request.TelegramRequest.GetUpdates | TRACE | HTTP request number 11220 

2018-01-18 18:32:47.8585 | Telegram.Request.TelegramRequest.GetUpdates | TRACE | HTTP request number 11280 

2018-01-18 18:33:54.0126 | Telegram.Request.TelegramRequest.GetUpdates | TRACE | HTTP request number 11340 

2018-01-18 18:35:01.6479 | Telegram.Request.TelegramRequest.GetUpdates | TRACE | HTTP request number 11400 

2018-01-18 18:36:07.8144 | Telegram.Request.TelegramRequest.GetUpdates | TRACE | HTTP request number 11460 

2018-01-18 18:37:12.2917 | Telegram.Request.TelegramRequest.GetUpdates | TRACE | HTTP request number 11520 

2018-01-18 18:38:16.6480 | Telegram.Request.TelegramRequest.GetUpdates | TRACE | HTTP request number 11580 

2018-01-18 18:39:25.6706 | Telegram.Request.TelegramRequest.GetUpdates | TRACE | HTTP request number 11640 

2018-01-18 18:40:30.1727 | Telegram.Request.TelegramRequest.GetUpdates | TRACE | HTTP request number 11700 

2018-01-18 18:41:38.5603 | Telegram.Request.TelegramRequest.GetUpdates | TRACE | HTTP request number 11760 

2018-01-18 18:42:43.3995 | Telegram.Request.TelegramRequest.GetUpdates | TRACE | HTTP request number 11820 

2018-01-18 18:43:48.2106 | Telegram.Request.TelegramRequest.GetUpdates | TRACE | HTTP request number 11880 

2018-01-18 18:45:07.7947 | Telegram.Request.TelegramRequest.GetUpdates | TRACE | HTTP request number 11940 

2018-01-18 18:46:17.4514 | Telegram.Request.TelegramRequest.GetUpdates | TRACE | HTTP request number 12000 

2018-01-18 18:47:25.3840 | Telegram.Request.TelegramRequest.GetUpdates | TRACE | HTTP request number 12060 

2018-01-18 18:48:39.0948 | Telegram.Request.TelegramRequest.GetUpdates | TRACE | HTTP request number 12120 

2018-01-18 18:49:44.9426 | Telegram.Request.TelegramRequest.GetUpdates | TRACE | HTTP request number 12180 

2018-01-18 18:50:52.3387 | Telegram.Request.TelegramRequest.GetUpdates | TRACE | HTTP request number 12240 

2018-01-18 18:51:57.9310 | Telegram.Request.TelegramRequest.GetUpdates | TRACE | HTTP request number 12300 

2018-01-18 18:53:06.8139 | Telegram.Request.TelegramRequest.GetUpdates | TRACE | HTTP request number 12360 

2018-01-18 18:54:15.1073 | Telegram.Request.TelegramRequest.GetUpdates | TRACE | HTTP request number 12420 

2018-01-18 18:55:19.7397 | Telegram.Request.TelegramRequest.GetUpdates | TRACE | HTTP request number 12480 

2018-01-18 18:56:25.4476 | Telegram.Request.TelegramRequest.GetUpdates | TRACE | HTTP request number 12540 

2018-01-18 18:57:31.2959 | Telegram.Request.TelegramRequest.GetUpdates | TRACE | HTTP request number 12600 

2018-01-18 18:58:37.9519 | Telegram.Request.TelegramRequest.GetUpdates | TRACE | HTTP request number 12660 

2018-01-18 18:59:44.6975 | Telegram.Request.TelegramRequest.GetUpdates | TRACE | HTTP request number 12720 

2018-01-18 19:00:54.7578 | Telegram.Request.TelegramRequest.GetUpdates | TRACE | HTTP request number 12780 

2018-01-18 19:02:05.9950 | Telegram.Request.TelegramRequest.GetUpdates | TRACE | HTTP request number 12840 

2018-01-18 19:03:11.9679 | Telegram.Request.TelegramRequest.GetUpdates | TRACE | HTTP request number 12900 

2018-01-18 19:04:16.9250 | Telegram.Request.TelegramRequest.GetUpdates | TRACE | HTTP request number 12960 

2018-01-18 19:05:21.4595 | Telegram.Request.TelegramRequest.GetUpdates | TRACE | HTTP request number 13020 

2018-01-18 19:06:29.6362 | Telegram.Request.TelegramRequest.GetUpdates | TRACE | HTTP request number 13080 

2018-01-18 19:07:35.0567 | Telegram.Request.TelegramRequest.GetUpdates | TRACE | HTTP request number 13140 

2018-01-18 19:08:41.7410 | Telegram.Request.TelegramRequest.GetUpdates | TRACE | HTTP request number 13200 

2018-01-18 19:09:47.9556 | Telegram.Request.TelegramRequest.GetUpdates | TRACE | HTTP request number 13260 

2018-01-18 19:10:55.3741 | Telegram.Request.TelegramRequest.GetUpdates | TRACE | HTTP request number 13320 

2018-01-18 19:12:00.5870 | Telegram.Request.TelegramRequest.GetUpdates | TRACE | HTTP request number 13380 

2018-01-18 19:13:05.6700 | Telegram.Request.TelegramRequest.GetUpdates | TRACE | HTTP request number 13440 

2018-01-18 19:14:14.6680 | Telegram.Request.TelegramRequest.GetUpdates | TRACE | HTTP request number 13500 

2018-01-18 19:15:19.4287 | Telegram.Request.TelegramRequest.GetUpdates | TRACE | HTTP request number 13560 

2018-01-18 19:16:29.6892 | Telegram.Request.TelegramRequest.GetUpdates | TRACE | HTTP request number 13620 

2018-01-18 19:17:36.5088 | Telegram.Request.TelegramRequest.GetUpdates | TRACE | HTTP request number 13680 

2018-01-18 19:18:41.5854 | Telegram.Request.TelegramRequest.GetUpdates | TRACE | HTTP request number 13740 

2018-01-18 19:19:49.1323 | Telegram.Request.TelegramRequest.GetUpdates | TRACE | HTTP request number 13800 

2018-01-18 19:20:59.0418 | Telegram.Request.TelegramRequest.GetUpdates | TRACE | HTTP request number 13860 

2018-01-18 19:22:06.5921 | Telegram.Request.TelegramRequest.GetUpdates | TRACE | HTTP request number 13920 

2018-01-18 19:23:18.3115 | Telegram.Request.TelegramRequest.GetUpdates | TRACE | HTTP request number 13980 

2018-01-18 19:24:29.3607 | Telegram.Request.TelegramRequest.GetUpdates | TRACE | HTTP request number 14040 

2018-01-18 19:25:37.0074 | Telegram.Request.TelegramRequest.GetUpdates | TRACE | HTTP request number 14100 

2018-01-18 19:26:46.2492 | Telegram.Request.TelegramRequest.GetUpdates | TRACE | HTTP request number 14160 

2018-01-18 19:27:53.2102 | Telegram.Request.TelegramRequest.GetUpdates | TRACE | HTTP request number 14220 

2018-01-18 19:29:05.4467 | Telegram.Request.TelegramRequest.GetUpdates | TRACE | HTTP request number 14280 

2018-01-18 19:30:12.8932 | Telegram.Request.TelegramRequest.GetUpdates | TRACE | HTTP request number 14340 

2018-01-18 19:31:23.5454 | Telegram.Request.TelegramRequest.GetUpdates | TRACE | HTTP request number 14400 

2018-01-18 19:32:33.0419 | Telegram.Request.TelegramRequest.GetUpdates | TRACE | HTTP request number 14460 

2018-01-18 19:33:41.3429 | Telegram.Request.TelegramRequest.GetUpdates | TRACE | HTTP request number 14520 

2018-01-18 19:34:48.7301 | Telegram.Request.TelegramRequest.GetUpdates | TRACE | HTTP request number 14580 

2018-01-18 19:35:55.2588 | Telegram.Request.TelegramRequest.GetUpdates | TRACE | HTTP request number 14640 

2018-01-18 19:37:05.3774 | Telegram.Request.TelegramRequest.GetUpdates | TRACE | HTTP request number 14700 

2018-01-18 19:38:09.8094 | Telegram.Request.TelegramRequest.GetUpdates | TRACE | HTTP request number 14760 

2018-01-18 19:39:14.4026 | Telegram.Request.TelegramRequest.GetUpdates | TRACE | HTTP request number 14820 

2018-01-18 19:40:19.2450 | Telegram.Request.TelegramRequest.GetUpdates | TRACE | HTTP request number 14880 

2018-01-18 19:41:26.2266 | Telegram.Request.TelegramRequest.GetUpdates | TRACE | HTTP request number 14940 

2018-01-18 19:42:35.8833 | Telegram.Request.TelegramRequest.GetUpdates | TRACE | HTTP request number 15000 

2018-01-18 19:43:55.8598 | Telegram.Request.TelegramRequest.GetUpdates | TRACE | HTTP request number 15060 

2018-01-18 19:45:02.2022 | Telegram.Request.TelegramRequest.GetUpdates | TRACE | HTTP request number 15120 

2018-01-18 19:46:06.6092 | Telegram.Request.TelegramRequest.GetUpdates | TRACE | HTTP request number 15180 

2018-01-18 19:47:21.7418 | Telegram.Request.TelegramRequest.GetUpdates | TRACE | HTTP request number 15240 

2018-01-18 19:48:37.1339 | Telegram.Request.TelegramRequest.GetUpdates | TRACE | HTTP request number 15300 

2018-01-18 19:49:41.4946 | Telegram.Request.TelegramRequest.GetUpdates | TRACE | HTTP request number 15360 

2018-01-18 19:50:47.0303 | Telegram.Request.TelegramRequest.GetUpdates | TRACE | HTTP request number 15420 

2018-01-18 19:51:54.6983 | Telegram.Request.TelegramRequest.GetUpdates | TRACE | HTTP request number 15480 

2018-01-18 19:52:59.2402 | Telegram.Request.TelegramRequest.GetUpdates | TRACE | HTTP request number 15540 

2018-01-18 19:54:06.3137 | Telegram.Request.TelegramRequest.GetUpdates | TRACE | HTTP request number 15600 

2018-01-18 19:55:10.6261 | Telegram.Request.TelegramRequest.GetUpdates | TRACE | HTTP request number 15660 

2018-01-18 19:56:20.7708 | Telegram.Request.TelegramRequest.GetUpdates | TRACE | HTTP request number 15720 

2018-01-18 19:57:27.5292 | Telegram.Request.TelegramRequest.GetUpdates | TRACE | HTTP request number 15780 

2018-01-18 19:58:34.3700 | Telegram.Request.TelegramRequest.GetUpdates | TRACE | HTTP request number 15840 

2018-01-18 19:59:41.0824 | Telegram.Request.TelegramRequest.GetUpdates | TRACE | HTTP request number 15900 

2018-01-18 20:00:46.9002 | Telegram.Request.TelegramRequest.GetUpdates | TRACE | HTTP request number 15960 

2018-01-18 20:01:54.5918 | Telegram.Request.TelegramRequest.GetUpdates | TRACE | HTTP request number 16020 

2018-01-18 20:02:59.9674 | Telegram.Request.TelegramRequest.GetUpdates | TRACE | HTTP request number 16080 

2018-01-18 20:04:05.4479 | Telegram.Request.TelegramRequest.GetUpdates | TRACE | HTTP request number 16140 

2018-01-18 20:05:10.2591 | Telegram.Request.TelegramRequest.GetUpdates | TRACE | HTTP request number 16200 

2018-01-18 20:06:14.9301 | Telegram.Request.TelegramRequest.GetUpdates | TRACE | HTTP request number 16260 

2018-01-18 20:07:24.6479 | Telegram.Request.TelegramRequest.GetUpdates | TRACE | HTTP request number 16320 

2018-01-18 20:08:30.6964 | Telegram.Request.TelegramRequest.GetUpdates | TRACE | HTTP request number 16380 

2018-01-18 20:09:35.5291 | Telegram.Request.TelegramRequest.GetUpdates | TRACE | HTTP request number 16440 

2018-01-18 20:10:40.3381 | Telegram.Request.TelegramRequest.GetUpdates | TRACE | HTTP request number 16500 

2018-01-18 20:11:44.7191 | Telegram.Request.TelegramRequest.GetUpdates | TRACE | HTTP request number 16560 

2018-01-18 20:12:51.7704 | Telegram.Request.TelegramRequest.GetUpdates | TRACE | HTTP request number 16620 

2018-01-18 20:13:56.7234 | Telegram.Request.TelegramRequest.GetUpdates | TRACE | HTTP request number 16680 

2018-01-18 20:15:02.1783 | Telegram.Request.TelegramRequest.GetUpdates | TRACE | HTTP request number 16740 

2018-01-18 20:16:08.0646 | Telegram.Request.TelegramRequest.GetUpdates | TRACE | HTTP request number 16800 

2018-01-18 20:17:13.7472 | Telegram.Request.TelegramRequest.GetUpdates | TRACE | HTTP request number 16860 

2018-01-18 20:18:19.5906 | Telegram.Request.TelegramRequest.GetUpdates | TRACE | HTTP request number 16920 

2018-01-18 20:19:26.8330 | Telegram.Request.TelegramRequest.GetUpdates | TRACE | HTTP request number 16980 

2018-01-18 20:20:35.4857 | Telegram.Request.TelegramRequest.GetUpdates | TRACE | HTTP request number 17040 

2018-01-18 20:21:44.6803 | Telegram.Request.TelegramRequest.GetUpdates | TRACE | HTTP request number 17100 

2018-01-18 20:22:49.3595 | Telegram.Request.TelegramRequest.GetUpdates | TRACE | HTTP request number 17160 

2018-01-18 20:24:02.8967 | Telegram.Request.TelegramRequest.GetUpdates | TRACE | HTTP request number 17220 

2018-01-18 20:25:09.8272 | Telegram.Request.TelegramRequest.GetUpdates | TRACE | HTTP request number 17280 

2018-01-18 20:26:14.6461 | Telegram.Request.TelegramRequest.GetUpdates | TRACE | HTTP request number 17340 

2018-01-18 20:27:19.5821 | Telegram.Request.TelegramRequest.GetUpdates | TRACE | HTTP request number 17400 

2018-01-18 20:28:24.0115 | Telegram.Request.TelegramRequest.GetUpdates | TRACE | HTTP request number 17460 

2018-01-18 20:29:28.8566 | Telegram.Request.TelegramRequest.GetUpdates | TRACE | HTTP request number 17520 

2018-01-18 20:30:34.5406 | Telegram.Request.TelegramRequest.GetUpdates | TRACE | HTTP request number 17580 

2018-01-18 20:31:39.2976 | Telegram.Request.TelegramRequest.GetUpdates | TRACE | HTTP request number 17640 

2018-01-18 20:32:44.0707 | Telegram.Request.TelegramRequest.GetUpdates | TRACE | HTTP request number 17700 

2018-01-18 20:33:52.3952 | Telegram.Request.TelegramRequest.GetUpdates | TRACE | HTTP request number 17760 

2018-01-18 20:35:01.1562 | Telegram.Request.TelegramRequest.GetUpdates | TRACE | HTTP request number 17820 

2018-01-18 20:36:06.1706 | Telegram.Request.TelegramRequest.GetUpdates | TRACE | HTTP request number 17880 

2018-01-18 20:37:12.2722 | Telegram.Request.TelegramRequest.GetUpdates | TRACE | HTTP request number 17940 

2018-01-18 20:38:20.0594 | Telegram.Request.TelegramRequest.GetUpdates | TRACE | HTTP request number 18000 

2018-01-18 20:39:26.2761 | Telegram.Request.TelegramRequest.GetUpdates | TRACE | HTTP request number 18060 

2018-01-18 20:40:32.0233 | Telegram.Request.TelegramRequest.GetUpdates | TRACE | HTTP request number 18120 

2018-01-18 20:41:36.5633 | Telegram.Request.TelegramRequest.GetUpdates | TRACE | HTTP request number 18180 

2018-01-18 20:42:44.8422 | Telegram.Request.TelegramRequest.GetUpdates | TRACE | HTTP request number 18240 

2018-01-18 20:44:21.8950 | Telegram.Request.TelegramRequest.GetUpdates | TRACE | HTTP request number 18300 

2018-01-18 20:45:28.2245 | Telegram.Request.TelegramRequest.GetUpdates | TRACE | HTTP request number 18360 

2018-01-18 20:46:33.5702 | Telegram.Request.TelegramRequest.GetUpdates | TRACE | HTTP request number 18420 

2018-01-18 20:47:40.7121 | Telegram.Request.TelegramRequest.GetUpdates | TRACE | HTTP request number 18480 

2018-01-18 20:48:45.5455 | Telegram.Request.TelegramRequest.GetUpdates | TRACE | HTTP request number 18540 

2018-01-18 20:49:51.1391 | Telegram.Request.TelegramRequest.GetUpdates | TRACE | HTTP request number 18600 

2018-01-18 20:50:55.5779 | Telegram.Request.TelegramRequest.GetUpdates | TRACE | HTTP request number 18660 

2018-01-18 20:52:00.7709 | Telegram.Request.TelegramRequest.GetUpdates | TRACE | HTTP request number 18720 

2018-01-18 20:53:07.8417 | Telegram.Request.TelegramRequest.GetUpdates | TRACE | HTTP request number 18780 

2018-01-18 20:54:15.4473 | Telegram.Request.TelegramRequest.GetUpdates | TRACE | HTTP request number 18840 

2018-01-18 20:55:24.0396 | Telegram.Request.TelegramRequest.GetUpdates | TRACE | HTTP request number 18900 

2018-01-18 20:56:28.4024 | Telegram.Request.TelegramRequest.GetUpdates | TRACE | HTTP request number 18960 

2018-01-18 20:57:32.8859 | Telegram.Request.TelegramRequest.GetUpdates | TRACE | HTTP request number 19020 

2018-01-18 20:58:39.4971 | Telegram.Request.TelegramRequest.GetUpdates | TRACE | HTTP request number 19080 

2018-01-18 20:59:44.1272 | Telegram.Request.TelegramRequest.GetUpdates | TRACE | HTTP request number 19140 

2018-01-18 21:00:51.0764 | Telegram.Request.TelegramRequest.GetUpdates | TRACE | HTTP request number 19200 

2018-01-18 21:01:59.1065 | Telegram.Request.TelegramRequest.GetUpdates | TRACE | HTTP request number 19260 

2018-01-18 21:03:04.5280 | Telegram.Request.TelegramRequest.GetUpdates | TRACE | HTTP request number 19320 

2018-01-18 21:04:10.1485 | Telegram.Request.TelegramRequest.GetUpdates | TRACE | HTTP request number 19380 

2018-01-18 21:05:15.9376 | Telegram.Request.TelegramRequest.GetUpdates | TRACE | HTTP request number 19440 

2018-01-18 21:06:23.2271 | Telegram.Request.TelegramRequest.GetUpdates | TRACE | HTTP request number 19500 

2018-01-18 21:07:35.7824 | Telegram.Request.TelegramRequest.GetUpdates | TRACE | HTTP request number 19560 

2018-01-18 21:08:41.6740 | Telegram.Request.TelegramRequest.GetUpdates | TRACE | HTTP request number 19620 

2018-01-18 21:09:48.6237 | Telegram.Request.TelegramRequest.GetUpdates | TRACE | HTTP request number 19680 

2018-01-18 21:10:54.5412 | Telegram.Request.TelegramRequest.GetUpdates | TRACE | HTTP request number 19740 

2018-01-18 21:11:59.0411 | Telegram.Request.TelegramRequest.GetUpdates | TRACE | HTTP request number 19800 

2018-01-18 21:13:04.2550 | Telegram.Request.TelegramRequest.GetUpdates | TRACE | HTTP request number 19860 

2018-01-18 21:14:12.3089 | Telegram.Request.TelegramRequest.GetUpdates | TRACE | HTTP request number 19920 

2018-01-18 21:15:22.4220 | Telegram.Request.TelegramRequest.GetUpdates | TRACE | HTTP request number 19980 

2018-01-18 21:16:27.7608 | Telegram.Request.TelegramRequest.GetUpdates | TRACE | HTTP request number 20040 

2018-01-18 21:17:32.9896 | Telegram.Request.TelegramRequest.GetUpdates | TRACE | HTTP request number 20100 

2018-01-18 21:18:37.3374 | Telegram.Request.TelegramRequest.GetUpdates | TRACE | HTTP request number 20160 

2018-01-18 21:19:43.7845 | Telegram.Request.TelegramRequest.GetUpdates | TRACE | HTTP request number 20220 

2018-01-18 21:20:50.4113 | Telegram.Request.TelegramRequest.GetUpdates | TRACE | HTTP request number 20280 

2018-01-18 21:21:59.2941 | Telegram.Request.TelegramRequest.GetUpdates | TRACE | HTTP request number 20340 

2018-01-18 21:23:04.0721 | Telegram.Request.TelegramRequest.GetUpdates | TRACE | HTTP request number 20400 

2018-01-18 21:24:10.9569 | Telegram.Request.TelegramRequest.GetUpdates | TRACE | HTTP request number 20460 

2018-01-18 21:25:17.2946 | Telegram.Request.TelegramRequest.GetUpdates | TRACE | HTTP request number 20520 

2018-01-18 21:26:21.8624 | Telegram.Request.TelegramRequest.GetUpdates | TRACE | HTTP request number 20580 

2018-01-18 21:27:30.0418 | Telegram.Request.TelegramRequest.GetUpdates | TRACE | HTTP request number 20640 

2018-01-18 21:28:34.9578 | Telegram.Request.TelegramRequest.GetUpdates | TRACE | HTTP request number 20700 

2018-01-18 21:29:41.5078 | Telegram.Request.TelegramRequest.GetUpdates | TRACE | HTTP request number 20760 

2018-01-18 21:30:48.4976 | Telegram.Request.TelegramRequest.GetUpdates | TRACE | HTTP request number 20820 

2018-01-18 21:32:01.4161 | Telegram.Request.TelegramRequest.GetUpdates | TRACE | HTTP request number 20880 

2018-01-18 21:33:08.8150 | Telegram.Request.TelegramRequest.GetUpdates | TRACE | HTTP request number 20940 

2018-01-18 21:34:13.5723 | Telegram.Request.TelegramRequest.GetUpdates | TRACE | HTTP request number 21000 

2018-01-18 21:35:22.2994 | Telegram.Request.TelegramRequest.GetUpdates | TRACE | HTTP request number 21060 

2018-01-18 21:36:28.2424 | Telegram.Request.TelegramRequest.GetUpdates | TRACE | HTTP request number 21120 

2018-01-18 21:37:32.6010 | Telegram.Request.TelegramRequest.GetUpdates | TRACE | HTTP request number 21180 

2018-01-18 21:38:37.1147 | Telegram.Request.TelegramRequest.GetUpdates | TRACE | HTTP request number 21240 

2018-01-18 21:39:43.1314 | Telegram.Request.TelegramRequest.GetUpdates | TRACE | HTTP request number 21300 

2018-01-18 21:40:47.4996 | Telegram.Request.TelegramRequest.GetUpdates | TRACE | HTTP request number 21360 

2018-01-18 21:41:58.4666 | Telegram.Request.TelegramRequest.GetUpdates | TRACE | HTTP request number 21420 

2018-01-18 21:43:27.1148 | Telegram.Request.TelegramRequest.GetUpdates | TRACE | HTTP request number 21480 

2018-01-18 21:44:33.8396 | Telegram.Request.TelegramRequest.GetUpdates | TRACE | HTTP request number 21540 

2018-01-18 21:45:41.6848 | Telegram.Request.TelegramRequest.GetUpdates | TRACE | HTTP request number 21600 

2018-01-18 21:46:51.0285 | Telegram.Request.TelegramRequest.GetUpdates | TRACE | HTTP request number 21660 

2018-01-18 21:47:58.7079 | Telegram.Request.TelegramRequest.GetUpdates | TRACE | HTTP request number 21720 

2018-01-18 21:49:07.7026 | Telegram.Request.TelegramRequest.GetUpdates | TRACE | HTTP request number 21780 

2018-01-18 21:50:15.6177 | Telegram.Request.TelegramRequest.GetUpdates | TRACE | HTTP request number 21840 

2018-01-18 21:51:21.5321 | Telegram.Request.TelegramRequest.GetUpdates | TRACE | HTTP request number 21900 

