2018-01-11 12:21:59.1535 | DeeBeeTeeAlphaBot.Program.Main | INFO | Запуск бота 

2018-01-11 12:21:59.2046 | DeeBeeTeeAlphaBot.Program.Main | INFO | Подключение к БД 

2018-01-11 12:21:59.6474 | DeeBeeTeeAlphaBot.Program.Main | INFO | Запуск пуллинга telegram API 

2018-01-11 12:22:00.0157 | Telegram.Request.TelegramRequest.GetUpdates | DEBUG | New message event 

2018-01-11 12:22:00.0287 | DeeBeeTeeAlphaBot.Program.Tr_MessageText | DEBUG | New message: message_id:332 user_id:459569 chat_id:-156558308 username:Sergeiaf name: Сергей Федоров date: 1515662451 message:'/d' 

2018-01-11 12:22:00.4907 | DeeBeeTeeAlphaBot.Program.Tr_MessageText | INFO | Получение команды /d 

2018-01-11 12:22:00.4997 | DeeBeeTeeDB.DBAPI.Command_details | DEBUG | Поиск пользователя 'Sergeiaf' 

2018-01-11 12:22:00.4997 | DeeBeeTeeDB.DBAPI.SearchUser | TRACE | UserSearchSQL: SELECT uid, [user], assign_date, limit, user_id from dbo.[users] where [user] = 'Sergeiaf' 

2018-01-11 12:22:00.5937 | DeeBeeTeeDB.DBAPI.GetUserBalance | TRACE | GetUserBalanceSQL: SELECT ISNULL((select SUM(amount) from dbo.[transactions] WHERE [from_user] = 'Sergeiaf'),0) - ISNULL((select SUM(amount) from dbo.[transactions] WHERE [to_user] = 'Sergeiaf'), 0) as Bal  

2018-01-11 12:22:00.6804 | DeeBeeTeeDB.DBAPI.GetUserDetails | TRACE | GetUserDetailsSQL: SELECT to_user, SUM(amount) as amount FROM (SELECT [tid], [from_user], [amount], [to_user] FROM [dbo].[transactions] union SELECT [tid], [to_user], [amount]*(-1), [from_user] FROM [dbo].[transactions] ) AS T WHERE from_user = 'Sergeiaf' GROUP BY to_user 

2018-01-11 12:22:00.7642 | DeeBeeTeeDB.DBAPI.GetUserDetails | TRACE | Generate dbt from: Sergeiaf to: Infom amount: -11,00  

2018-01-11 12:22:00.7642 | DeeBeeTeeDB.DBAPI.GetUserDetails | TRACE | Generate dbt from: Sergeiaf to: TretyakRoman amount: -345,00  

2018-01-11 12:22:00.7797 | DeeBeeTeeDB.DBAPI.Command_details | INFO | Возврат результата команды details с сообщениемДетали пользователя @Sergeiaf. Баланс: -356,00
 @Sergeiaf должен 11,00 @Infom
 @Sergeiaf должен 345,00 @TretyakRoman
 

2018-01-11 12:23:03.1168 | Telegram.Request.TelegramRequest.GetUpdates | TRACE | HTTP request number 60 

2018-01-11 12:24:07.5945 | Telegram.Request.TelegramRequest.GetUpdates | TRACE | HTTP request number 120 

2018-01-11 12:25:11.9316 | Telegram.Request.TelegramRequest.GetUpdates | TRACE | HTTP request number 180 

2018-01-11 12:35:59.0987 | DeeBeeTeeAlphaBot.Program.Main | INFO | Запуск бота 

2018-01-11 12:35:59.1505 | DeeBeeTeeAlphaBot.Program.Main | INFO | Подключение к БД 

2018-01-11 12:35:59.6274 | DeeBeeTeeAlphaBot.Program.Main | INFO | Запуск пуллинга telegram API 

2018-01-11 12:37:04.1214 | Telegram.Request.TelegramRequest.GetUpdates | TRACE | HTTP request number 60 

2018-01-11 12:38:08.6103 | Telegram.Request.TelegramRequest.GetUpdates | TRACE | HTTP request number 120 

2018-01-11 12:43:16.8583 | DeeBeeTeeAlphaBot.Program.Main | INFO | Запуск бота 

2018-01-11 12:43:16.8998 | DeeBeeTeeAlphaBot.Program.Main | INFO | Подключение к БД 

2018-01-11 12:43:17.5136 | DeeBeeTeeAlphaBot.Program.Main | INFO | Запуск пуллинга telegram API 

2018-01-11 12:44:23.2391 | Telegram.Request.TelegramRequest.GetUpdates | TRACE | HTTP request number 60 

2018-01-11 12:45:27.7807 | Telegram.Request.TelegramRequest.GetUpdates | TRACE | HTTP request number 120 

2018-01-11 12:46:36.9960 | Telegram.Request.TelegramRequest.GetUpdates | TRACE | HTTP request number 180 

2018-01-11 16:24:35.3473 | DeeBeeTeeAlphaBot.Program.Main | INFO | Запуск бота 

2018-01-11 16:24:35.3868 | DeeBeeTeeAlphaBot.Program.Main | INFO | Подключение к БД 

2018-01-11 16:24:35.8353 | DeeBeeTeeAlphaBot.Program.Main | INFO | Запуск пуллинга telegram API 

2018-01-11 16:25:39.4651 | Telegram.Request.TelegramRequest.GetUpdates | TRACE | HTTP request number 60 

2018-01-11 16:26:49.6130 | Telegram.Request.TelegramRequest.GetUpdates | TRACE | HTTP request number 120 

2018-01-11 16:27:55.0030 | Telegram.Request.TelegramRequest.GetUpdates | TRACE | HTTP request number 180 

2018-01-11 16:29:05.2640 | Telegram.Request.TelegramRequest.GetUpdates | TRACE | HTTP request number 240 

2018-01-11 16:30:11.6742 | Telegram.Request.TelegramRequest.GetUpdates | TRACE | HTTP request number 300 

2018-01-11 16:31:16.1074 | Telegram.Request.TelegramRequest.GetUpdates | TRACE | HTTP request number 360 

2018-01-11 16:32:23.9635 | Telegram.Request.TelegramRequest.GetUpdates | TRACE | HTTP request number 420 

2018-01-11 16:33:32.0607 | Telegram.Request.TelegramRequest.GetUpdates | TRACE | HTTP request number 480 

2018-01-11 16:34:36.8353 | Telegram.Request.TelegramRequest.GetUpdates | TRACE | HTTP request number 540 

2018-01-11 16:35:42.1056 | Telegram.Request.TelegramRequest.GetUpdates | TRACE | HTTP request number 600 

2018-01-11 16:36:49.3522 | Telegram.Request.TelegramRequest.GetUpdates | TRACE | HTTP request number 660 

2018-01-11 16:37:53.9979 | Telegram.Request.TelegramRequest.GetUpdates | TRACE | HTTP request number 720 

2018-01-11 16:39:01.7673 | Telegram.Request.TelegramRequest.GetUpdates | TRACE | HTTP request number 780 

2018-01-11 16:40:06.7984 | Telegram.Request.TelegramRequest.GetUpdates | TRACE | HTTP request number 840 

2018-01-11 16:41:12.4710 | Telegram.Request.TelegramRequest.GetUpdates | TRACE | HTTP request number 900 

2018-01-11 16:42:18.0331 | Telegram.Request.TelegramRequest.GetUpdates | TRACE | HTTP request number 960 

2018-01-11 16:43:23.9623 | Telegram.Request.TelegramRequest.GetUpdates | TRACE | HTTP request number 1020 

2018-01-11 16:44:29.4864 | Telegram.Request.TelegramRequest.GetUpdates | TRACE | HTTP request number 1080 

2018-01-11 16:45:40.2987 | Telegram.Request.TelegramRequest.GetUpdates | TRACE | HTTP request number 1140 

2018-01-11 16:46:57.2698 | Telegram.Request.TelegramRequest.GetUpdates | TRACE | HTTP request number 1200 

2018-01-11 16:48:09.4029 | Telegram.Request.TelegramRequest.GetUpdates | TRACE | HTTP request number 1260 

2018-01-11 16:49:22.6356 | Telegram.Request.TelegramRequest.GetUpdates | TRACE | HTTP request number 1320 

2018-01-11 16:50:26.9381 | Telegram.Request.TelegramRequest.GetUpdates | TRACE | HTTP request number 1380 

2018-01-11 16:51:34.0705 | Telegram.Request.TelegramRequest.GetUpdates | TRACE | HTTP request number 1440 

2018-01-11 16:52:38.6158 | Telegram.Request.TelegramRequest.GetUpdates | TRACE | HTTP request number 1500 

2018-01-11 16:53:47.3970 | Telegram.Request.TelegramRequest.GetUpdates | TRACE | HTTP request number 1560 

2018-01-11 16:54:52.5851 | Telegram.Request.TelegramRequest.GetUpdates | TRACE | HTTP request number 1620 

2018-01-11 16:55:56.9270 | Telegram.Request.TelegramRequest.GetUpdates | TRACE | HTTP request number 1680 

2018-01-11 16:57:06.9438 | Telegram.Request.TelegramRequest.GetUpdates | TRACE | HTTP request number 1740 

2018-01-11 16:58:11.9503 | Telegram.Request.TelegramRequest.GetUpdates | TRACE | HTTP request number 1800 

2018-01-11 16:59:16.7408 | Telegram.Request.TelegramRequest.GetUpdates | TRACE | HTTP request number 1860 

2018-01-11 17:00:22.6182 | Telegram.Request.TelegramRequest.GetUpdates | TRACE | HTTP request number 1920 

2018-01-11 17:01:27.0982 | Telegram.Request.TelegramRequest.GetUpdates | TRACE | HTTP request number 1980 

2018-01-11 17:02:33.1313 | Telegram.Request.TelegramRequest.GetUpdates | TRACE | HTTP request number 2040 

2018-01-11 17:03:42.7098 | Telegram.Request.TelegramRequest.GetUpdates | TRACE | HTTP request number 2100 

2018-01-11 17:04:48.8121 | Telegram.Request.TelegramRequest.GetUpdates | TRACE | HTTP request number 2160 

2018-01-11 17:05:53.8686 | Telegram.Request.TelegramRequest.GetUpdates | TRACE | HTTP request number 2220 

2018-01-11 17:06:58.7859 | Telegram.Request.TelegramRequest.GetUpdates | TRACE | HTTP request number 2280 

2018-01-11 17:08:04.8657 | Telegram.Request.TelegramRequest.GetUpdates | TRACE | HTTP request number 2340 

2018-01-11 17:09:10.9554 | Telegram.Request.TelegramRequest.GetUpdates | TRACE | HTTP request number 2400 

2018-01-11 17:10:15.8754 | Telegram.Request.TelegramRequest.GetUpdates | TRACE | HTTP request number 2460 

2018-01-11 17:11:22.6965 | Telegram.Request.TelegramRequest.GetUpdates | TRACE | HTTP request number 2520 

2018-01-11 17:12:28.3405 | Telegram.Request.TelegramRequest.GetUpdates | TRACE | HTTP request number 2580 

2018-01-11 17:13:38.0679 | Telegram.Request.TelegramRequest.GetUpdates | TRACE | HTTP request number 2640 

2018-01-11 17:14:42.4994 | Telegram.Request.TelegramRequest.GetUpdates | TRACE | HTTP request number 2700 

2018-01-11 17:15:47.2130 | Telegram.Request.TelegramRequest.GetUpdates | TRACE | HTTP request number 2760 

2018-01-11 17:16:59.1630 | Telegram.Request.TelegramRequest.GetUpdates | TRACE | HTTP request number 2820 

2018-01-11 17:18:03.9033 | Telegram.Request.TelegramRequest.GetUpdates | TRACE | HTTP request number 2880 

2018-01-11 17:19:11.3210 | Telegram.Request.TelegramRequest.GetUpdates | TRACE | HTTP request number 2940 

2018-01-11 17:20:15.7499 | Telegram.Request.TelegramRequest.GetUpdates | TRACE | HTTP request number 3000 

2018-01-11 17:21:20.8837 | Telegram.Request.TelegramRequest.GetUpdates | TRACE | HTTP request number 3060 

2018-01-11 17:22:25.7007 | Telegram.Request.TelegramRequest.GetUpdates | TRACE | HTTP request number 3120 

2018-01-11 17:23:29.9937 | Telegram.Request.TelegramRequest.GetUpdates | TRACE | HTTP request number 3180 

2018-01-11 17:24:34.4429 | Telegram.Request.TelegramRequest.GetUpdates | TRACE | HTTP request number 3240 

2018-01-11 17:25:41.2224 | Telegram.Request.TelegramRequest.GetUpdates | TRACE | HTTP request number 3300 

2018-01-11 17:26:48.8564 | Telegram.Request.TelegramRequest.GetUpdates | TRACE | HTTP request number 3360 

2018-01-11 17:27:55.2241 | Telegram.Request.TelegramRequest.GetUpdates | TRACE | HTTP request number 3420 

2018-01-11 17:29:02.2061 | Telegram.Request.TelegramRequest.GetUpdates | TRACE | HTTP request number 3480 

2018-01-11 17:30:06.7798 | Telegram.Request.TelegramRequest.GetUpdates | TRACE | HTTP request number 3540 

2018-01-11 17:31:11.1078 | Telegram.Request.TelegramRequest.GetUpdates | TRACE | HTTP request number 3600 

2018-01-11 17:32:15.5622 | Telegram.Request.TelegramRequest.GetUpdates | TRACE | HTTP request number 3660 

2018-01-11 17:33:21.3846 | Telegram.Request.TelegramRequest.GetUpdates | TRACE | HTTP request number 3720 

2018-01-11 17:34:25.8023 | Telegram.Request.TelegramRequest.GetUpdates | TRACE | HTTP request number 3780 

2018-01-11 17:35:30.8565 | Telegram.Request.TelegramRequest.GetUpdates | TRACE | HTTP request number 3840 

2018-01-11 17:36:35.1809 | Telegram.Request.TelegramRequest.GetUpdates | TRACE | HTTP request number 3900 

2018-01-11 17:37:43.6556 | Telegram.Request.TelegramRequest.GetUpdates | TRACE | HTTP request number 3960 

2018-01-11 17:38:50.2263 | Telegram.Request.TelegramRequest.GetUpdates | TRACE | HTTP request number 4020 

2018-01-11 17:39:54.6468 | Telegram.Request.TelegramRequest.GetUpdates | TRACE | HTTP request number 4080 

2018-01-11 17:41:00.4596 | Telegram.Request.TelegramRequest.GetUpdates | TRACE | HTTP request number 4140 

2018-01-11 17:42:10.8685 | Telegram.Request.TelegramRequest.GetUpdates | TRACE | HTTP request number 4200 

2018-01-11 17:43:32.8323 | Telegram.Request.TelegramRequest.GetUpdates | TRACE | HTTP request number 4260 

2018-01-11 17:45:00.1267 | Telegram.Request.TelegramRequest.GetUpdates | TRACE | HTTP request number 4320 

2018-01-11 17:46:15.1173 | Telegram.Request.TelegramRequest.GetUpdates | TRACE | HTTP request number 4380 

2018-01-11 17:47:31.1284 | Telegram.Request.TelegramRequest.GetUpdates | TRACE | HTTP request number 4440 

2018-01-11 17:48:48.1646 | Telegram.Request.TelegramRequest.GetUpdates | TRACE | HTTP request number 4500 

2018-01-11 17:49:56.7679 | Telegram.Request.TelegramRequest.GetUpdates | TRACE | HTTP request number 4560 

2018-01-11 17:51:01.2689 | Telegram.Request.TelegramRequest.GetUpdates | TRACE | HTTP request number 4620 

2018-01-11 17:52:09.8779 | Telegram.Request.TelegramRequest.GetUpdates | TRACE | HTTP request number 4680 

2018-01-11 17:53:20.3409 | Telegram.Request.TelegramRequest.GetUpdates | TRACE | HTTP request number 4740 

2018-01-11 17:54:27.9181 | Telegram.Request.TelegramRequest.GetUpdates | TRACE | HTTP request number 4800 

2018-01-11 17:55:32.4705 | Telegram.Request.TelegramRequest.GetUpdates | TRACE | HTTP request number 4860 

2018-01-11 17:56:37.1315 | Telegram.Request.TelegramRequest.GetUpdates | TRACE | HTTP request number 4920 

2018-01-11 17:57:42.9414 | Telegram.Request.TelegramRequest.GetUpdates | TRACE | HTTP request number 4980 

2018-01-11 17:58:47.7008 | Telegram.Request.TelegramRequest.GetUpdates | TRACE | HTTP request number 5040 

2018-01-11 17:59:52.0314 | Telegram.Request.TelegramRequest.GetUpdates | TRACE | HTTP request number 5100 

2018-01-11 18:00:57.2391 | Telegram.Request.TelegramRequest.GetUpdates | TRACE | HTTP request number 5160 

2018-01-11 18:02:02.8557 | Telegram.Request.TelegramRequest.GetUpdates | TRACE | HTTP request number 5220 

2018-01-11 18:03:07.3179 | Telegram.Request.TelegramRequest.GetUpdates | TRACE | HTTP request number 5280 

2018-01-11 18:04:14.9449 | Telegram.Request.TelegramRequest.GetUpdates | TRACE | HTTP request number 5340 

2018-01-11 18:05:19.4352 | Telegram.Request.TelegramRequest.GetUpdates | TRACE | HTTP request number 5400 

2018-01-11 18:06:27.4221 | Telegram.Request.TelegramRequest.GetUpdates | TRACE | HTTP request number 5460 

2018-01-11 18:07:34.9874 | Telegram.Request.TelegramRequest.GetUpdates | TRACE | HTTP request number 5520 

2018-01-11 18:08:40.0620 | Telegram.Request.TelegramRequest.GetUpdates | TRACE | HTTP request number 5580 

2018-01-11 18:09:44.9083 | Telegram.Request.TelegramRequest.GetUpdates | TRACE | HTTP request number 5640 

2018-01-11 18:10:49.7080 | Telegram.Request.TelegramRequest.GetUpdates | TRACE | HTTP request number 5700 

2018-01-11 18:11:55.5380 | Telegram.Request.TelegramRequest.GetUpdates | TRACE | HTTP request number 5760 

2018-01-11 18:13:01.6960 | Telegram.Request.TelegramRequest.GetUpdates | TRACE | HTTP request number 5820 

